[2019-04-17 09:10:24] ç”¨æˆ·æŽˆæƒè¿”å›ž
[2019-04-17 09:10:24] Array
(
    [session_key] => FynA5Mq8tv9tpEXh8ScZvw==
    [openid] => oVrAv5Vg1IgIdN4tHgE11lA-PVZ4
)

[2019-04-17 09:14:17] ç”¨æˆ·æŽˆæƒè¿”å›ž
[2019-04-17 09:14:17] Array
(
    [session_key] => jeodZrjTmNa4Mr10DSJRig==
    [openid] => oVrAv5Vg1IgIdN4tHgE11lA-PVZ4
)

[2019-04-17 09:16:15] ç”¨æˆ·æŽˆæƒè¿”å›ž
[2019-04-17 09:16:15] Array
(
    [session_key] => bpxyAewiWmd1XXHLmmW5SQ==
    [openid] => oVrAv5Vg1IgIdN4tHgE11lA-PVZ4
)

[2019-04-17 09:17:49] ç”¨æˆ·æŽˆæƒè¿”å›ž
[2019-04-17 09:17:49] Array
(
    [session_key] => pTc2JqOYxWzxc/JTubgd6Q==
    [openid] => oVrAv5Vg1IgIdN4tHgE11lA-PVZ4
)

[2019-04-17 09:20:41] ç”¨æˆ·æŽˆæƒè¿”å›ž
[2019-04-17 09:20:41] Array
(
    [session_key] => IEsRaAl3bjefj5E/TJuZ0w==
    [openid] => oVrAv5Vg1IgIdN4tHgE11lA-PVZ4
)

[2019-04-17 09:20:41] Array
(
    [nickname] => ã˜é€†é¢¨é£›è‡ðŸŽˆ ðŸŽˆ ðŸŽˆ ðŸŽˆ
    [avatar_url] => https://wx.qlogo.cn/mmopen/vi_32/Q0j4TwGTfTLaAwZVG1ibo26KOG2rBdwibicTj1BRQg4ebUBurfib53hNEIarFlaiaBssomu33ao54z7Q3ickrwqZHZDw/132
    [openid] => oVrAv5Vg1IgIdN4tHgE11lA-PVZ4
    [token] => f5b9a010b295ade7399a7021289143a1
    [usertype_id] => member
    [createtime] => 1555464041
    [status] => 1
)

[2019-04-17 09:21:30] ç”¨æˆ·æŽˆæƒè¿”å›ž
[2019-04-17 09:21:30] Array
(
    [session_key] => dCBtnG9GdJzu3H0m+t18sA==
    [openid] => oVrAv5Vg1IgIdN4tHgE11lA-PVZ4
)

[2019-04-17 09:21:30] Array
(
    [nickname] => ã˜é€†é¢¨é£›è‡ðŸŽˆ ðŸŽˆ ðŸŽˆ ðŸŽˆ
    [avatar_url] => https://wx.qlogo.cn/mmopen/vi_32/Q0j4TwGTfTLaAwZVG1ibo26KOG2rBdwibicTj1BRQg4ebUBurfib53hNEIarFlaiaBssomu33ao54z7Q3ickrwqZHZDw/132
    [openid] => oVrAv5Vg1IgIdN4tHgE11lA-PVZ4
    [token] => ab6c943bc8f16af2d197cff9e184b9f3
    [usertype_id] => member
    [createtime] => 1555464090
    [status] => 1
)

[2019-04-17 16:25:42] node-1
[2019-04-17 16:25:42] dboperationhistory-1
[2019-04-17 16:37:40] node-1
[2019-04-17 16:37:40] group-1
[2019-04-17 16:37:40] dboperationhistory-1
[2019-04-17 16:38:56] node-1
[2019-04-17 16:38:56] group-1
[2019-04-17 16:38:56] dboperationhistory-1
[2019-04-17 16:39:24] group-1
[2019-04-17 16:39:24] dboperationhistory-1
[2019-04-17 16:39:32] node-1
[2019-04-17 16:39:32] group-1
[2019-04-17 16:39:32] dboperationhistory-1
[2019-04-17 16:41:04] node-1
[2019-04-17 16:41:04] dboperationhistory-1
[2019-04-17 16:41:18] node-1
[2019-04-17 16:41:18] dboperationhistory-1
[2019-04-17 16:41:36] node-1
[2019-04-17 16:41:36] dboperationhistory-1
