---------------------------------------------------------------
[ 2019-04-17T09:25:06+08:00 ] 127.0.0.1 GET localhost/
[运行时间：0.919052s] [吞吐率：1.09req/s] [内存消耗：2,084.79kb] [文件加载：49]
[ info ] [ LANG ] F:\Sublime Project\0002cyx\cyx\thinkphp\lang\zh-cn.php
[ info ] [ ROUTE ] array (
  'type' => 'module',
  'module' => 
  array (
    0 => '',
    1 => NULL,
    2 => NULL,
  ),
)
[ info ] [ HEADER ] array (
  'host' => 'localhost',
  'user-agent' => 'Mozilla/5.0 (Windows NT 6.1; Win64; x64; rv:66.0) Gecko/20100101 Firefox/66.0',
  'accept' => 'text/html,application/xhtml+xml,application/xml;q=0.9,*/*;q=0.8',
  'accept-language' => 'zh-CN,zh;q=0.8,zh-TW;q=0.7,zh-HK;q=0.5,en-US;q=0.3,en;q=0.2',
  'accept-encoding' => 'gzip, deflate',
  'connection' => 'keep-alive',
  'cookie' => 'pgv_pvi=7376621568',
  'upgrade-insecure-requests' => '1',
)
[ info ] [ PARAM ] array (
)
[ info ] [ RUN ] app\admin\Controller\Homepage->index[ F:\Sublime Project\0002cyx\cyx\application\admin\controller\Homepage.php ]
[ info ] [ VIEW ] F:\Sublime Project\0002cyx\cyx/application/admin\view\homepage\index.html [ array (
) ]
[ info ] [ LOG ] INIT File
[ error ] [8]Use of undefined constant CONTROLLER_NAME - assumed 'CONTROLLER_NAME'[F:\Sublime Project\0002cyx\cyx\runtime\temp\8954714e80e5e061557cc91752611732.php:91]
[ error ] [8]Use of undefined constant CONTROLLER_NAME - assumed 'CONTROLLER_NAME'[F:\Sublime Project\0002cyx\cyx\runtime\temp\8954714e80e5e061557cc91752611732.php:92]
[ error ] [8]Use of undefined constant CONTROLLER_NAME - assumed 'CONTROLLER_NAME'[F:\Sublime Project\0002cyx\cyx\runtime\temp\8954714e80e5e061557cc91752611732.php:93]
[ error ] [8]Use of undefined constant CONTROLLER_NAME - assumed 'CONTROLLER_NAME'[F:\Sublime Project\0002cyx\cyx\runtime\temp\8954714e80e5e061557cc91752611732.php:94]
[ error ] [8]Use of undefined constant CONTROLLER_NAME - assumed 'CONTROLLER_NAME'[F:\Sublime Project\0002cyx\cyx\runtime\temp\8954714e80e5e061557cc91752611732.php:95]
[ error ] [8]Use of undefined constant CONTROLLER_NAME - assumed 'CONTROLLER_NAME'[F:\Sublime Project\0002cyx\cyx\runtime\temp\8954714e80e5e061557cc91752611732.php:96]
[ error ] [8]Use of undefined constant CONTROLLER_NAME - assumed 'CONTROLLER_NAME'[F:\Sublime Project\0002cyx\cyx\runtime\temp\8954714e80e5e061557cc91752611732.php:97]
[ error ] [8]Use of undefined constant CONTROLLER_NAME - assumed 'CONTROLLER_NAME'[F:\Sublime Project\0002cyx\cyx\runtime\temp\8954714e80e5e061557cc91752611732.php:98]
[ error ] [8]Use of undefined constant CONTROLLER_NAME - assumed 'CONTROLLER_NAME'[F:\Sublime Project\0002cyx\cyx\runtime\temp\8954714e80e5e061557cc91752611732.php:99]
---------------------------------------------------------------
[ 2019-04-17T09:27:55+08:00 ] 0.0.0.0 GET localhost/index.php/index
[运行时间：0.157009s] [吞吐率：6.37req/s] [内存消耗：2,643.76kb] [文件加载：46]
[ info ] [ LANG ] F:\Sublime Project\0002cyx\cyx\thinkphp\lang\zh-cn.php
[ info ] [ ROUTE ] array (
  'type' => 'module',
  'module' => 
  array (
    0 => 'index',
    1 => NULL,
    2 => NULL,
  ),
)
[ info ] [ HEADER ] array (
  'host' => 'localhost',
  'connection' => 'keep-alive',
  'upgrade-insecure-requests' => '1',
  'user-agent' => 'Mozilla/5.0 (Windows NT 6.1; WOW64) AppleWebKit/537.36 (KHTML, like Gecko) Chrome/72.0.3626.81 Safari/537.36',
  'accept' => 'text/html,application/xhtml+xml,application/xml;q=0.9,image/webp,image/apng,*/*;q=0.8',
  'accept-encoding' => 'gzip, deflate, br',
  'accept-language' => 'zh-CN,zh;q=0.9',
)
[ info ] [ PARAM ] array (
)
[ info ] [ RUN ] app\index\Controller\Homepage->index[ F:\Sublime Project\0002cyx\cyx\application\index\controller\Homepage.php ]
[ info ] [ VIEW ] F:\Sublime Project\0002cyx\cyx/application/index\view\homepage\index.html [ array (
) ]
[ info ] [ LOG ] INIT File
---------------------------------------------------------------
[ 2019-04-17T09:28:17+08:00 ] 0.0.0.0 GET localhost/index.php/index
[运行时间：0.051003s] [吞吐率：19.61req/s] [内存消耗：2,189.37kb] [文件加载：44]
[ info ] [ LANG ] F:\Sublime Project\0002cyx\cyx\thinkphp\lang\zh-cn.php
[ info ] [ ROUTE ] array (
  'type' => 'module',
  'module' => 
  array (
    0 => 'index',
    1 => NULL,
    2 => NULL,
  ),
)
[ info ] [ HEADER ] array (
  'host' => 'localhost',
  'connection' => 'keep-alive',
  'cache-control' => 'max-age=0',
  'upgrade-insecure-requests' => '1',
  'user-agent' => 'Mozilla/5.0 (Windows NT 6.1; WOW64) AppleWebKit/537.36 (KHTML, like Gecko) Chrome/72.0.3626.81 Safari/537.36',
  'accept' => 'text/html,application/xhtml+xml,application/xml;q=0.9,image/webp,image/apng,*/*;q=0.8',
  'accept-encoding' => 'gzip, deflate, br',
  'accept-language' => 'zh-CN,zh;q=0.9',
  'cookie' => 'UM_distinctid=16a28e85b70d6-04a9d561e4a45d-6517157f-1fa400-16a28e85b7113a; CNZZDATA1261418685=902214253-1555460564-%7C1555459780',
)
[ info ] [ PARAM ] array (
)
[ info ] [ RUN ] app\index\Controller\Homepage->index[ F:\Sublime Project\0002cyx\cyx\application\index\controller\Homepage.php ]
[ info ] [ VIEW ] F:\Sublime Project\0002cyx\cyx/application/index\view\homepage\index.html [ array (
) ]
[ info ] [ LOG ] INIT File
---------------------------------------------------------------
[ 2019-04-17T09:28:32+08:00 ] 0.0.0.0 GET localhost/index.php/index/Homepage/index.html
[运行时间：0.049003s] [吞吐率：20.41req/s] [内存消耗：2,189.42kb] [文件加载：44]
[ info ] [ LANG ] F:\Sublime Project\0002cyx\cyx\thinkphp\lang\zh-cn.php
[ info ] [ ROUTE ] array (
  'type' => 'module',
  'module' => 
  array (
    0 => 'index',
    1 => 'Homepage',
    2 => 'index',
  ),
)
[ info ] [ HEADER ] array (
  'host' => 'localhost',
  'connection' => 'keep-alive',
  'upgrade-insecure-requests' => '1',
  'user-agent' => 'Mozilla/5.0 (Windows NT 6.1; WOW64) AppleWebKit/537.36 (KHTML, like Gecko) Chrome/72.0.3626.81 Safari/537.36',
  'accept' => 'text/html,application/xhtml+xml,application/xml;q=0.9,image/webp,image/apng,*/*;q=0.8',
  'referer' => 'http://localhost/index.php/index',
  'accept-encoding' => 'gzip, deflate, br',
  'accept-language' => 'zh-CN,zh;q=0.9',
  'cookie' => 'UM_distinctid=16a28e85b70d6-04a9d561e4a45d-6517157f-1fa400-16a28e85b7113a; CNZZDATA1261418685=902214253-1555460564-%7C1555459780',
)
[ info ] [ PARAM ] array (
)
[ info ] [ RUN ] app\index\Controller\Homepage->index[ F:\Sublime Project\0002cyx\cyx\application\index\controller\Homepage.php ]
[ info ] [ VIEW ] F:\Sublime Project\0002cyx\cyx/application/index\view\homepage\index.html [ array (
) ]
[ info ] [ LOG ] INIT File
---------------------------------------------------------------
[ 2019-04-17T09:28:33+08:00 ] 0.0.0.0 GET localhost/index.php/index/Solution/index.html
[运行时间：0.085005s] [吞吐率：11.76req/s] [内存消耗：2,499.90kb] [文件加载：46]
[ info ] [ LANG ] F:\Sublime Project\0002cyx\cyx\thinkphp\lang\zh-cn.php
[ info ] [ ROUTE ] array (
  'type' => 'module',
  'module' => 
  array (
    0 => 'index',
    1 => 'Solution',
    2 => 'index',
  ),
)
[ info ] [ HEADER ] array (
  'host' => 'localhost',
  'connection' => 'keep-alive',
  'upgrade-insecure-requests' => '1',
  'user-agent' => 'Mozilla/5.0 (Windows NT 6.1; WOW64) AppleWebKit/537.36 (KHTML, like Gecko) Chrome/72.0.3626.81 Safari/537.36',
  'accept' => 'text/html,application/xhtml+xml,application/xml;q=0.9,image/webp,image/apng,*/*;q=0.8',
  'referer' => 'http://localhost/index.php/index/Homepage/index.html',
  'accept-encoding' => 'gzip, deflate, br',
  'accept-language' => 'zh-CN,zh;q=0.9',
  'cookie' => 'UM_distinctid=16a28e85b70d6-04a9d561e4a45d-6517157f-1fa400-16a28e85b7113a; CNZZDATA1261418685=902214253-1555460564-%7C1555459780',
)
[ info ] [ PARAM ] array (
)
[ info ] [ RUN ] app\index\Controller\Solution->index[ F:\Sublime Project\0002cyx\cyx\application\index\controller\Solution.php ]
[ info ] [ VIEW ] F:\Sublime Project\0002cyx\cyx/application/index\view\solution\index.html [ array (
) ]
[ info ] [ LOG ] INIT File
---------------------------------------------------------------
[ 2019-04-17T09:28:35+08:00 ] 0.0.0.0 GET localhost/index.php/index/Service/index.html
[运行时间：0.094005s] [吞吐率：10.64req/s] [内存消耗：2,484.66kb] [文件加载：46]
[ info ] [ LANG ] F:\Sublime Project\0002cyx\cyx\thinkphp\lang\zh-cn.php
[ info ] [ ROUTE ] array (
  'type' => 'module',
  'module' => 
  array (
    0 => 'index',
    1 => 'Service',
    2 => 'index',
  ),
)
[ info ] [ HEADER ] array (
  'host' => 'localhost',
  'connection' => 'keep-alive',
  'upgrade-insecure-requests' => '1',
  'user-agent' => 'Mozilla/5.0 (Windows NT 6.1; WOW64) AppleWebKit/537.36 (KHTML, like Gecko) Chrome/72.0.3626.81 Safari/537.36',
  'accept' => 'text/html,application/xhtml+xml,application/xml;q=0.9,image/webp,image/apng,*/*;q=0.8',
  'referer' => 'http://localhost/index.php/index/Solution/index.html',
  'accept-encoding' => 'gzip, deflate, br',
  'accept-language' => 'zh-CN,zh;q=0.9',
  'cookie' => 'UM_distinctid=16a28e85b70d6-04a9d561e4a45d-6517157f-1fa400-16a28e85b7113a; CNZZDATA1261418685=902214253-1555460564-%7C1555459780',
)
[ info ] [ PARAM ] array (
)
[ info ] [ RUN ] app\index\Controller\Service->index[ F:\Sublime Project\0002cyx\cyx\application\index\controller\Service.php ]
[ info ] [ VIEW ] F:\Sublime Project\0002cyx\cyx/application/index\view\service\index.html [ array (
) ]
[ info ] [ LOG ] INIT File
---------------------------------------------------------------
[ 2019-04-17T09:28:36+08:00 ] 0.0.0.0 GET localhost/index.php/index/Cases/index.html
[运行时间：0.079005s] [吞吐率：12.66req/s] [内存消耗：2,438.83kb] [文件加载：46]
[ info ] [ LANG ] F:\Sublime Project\0002cyx\cyx\thinkphp\lang\zh-cn.php
[ info ] [ ROUTE ] array (
  'type' => 'module',
  'module' => 
  array (
    0 => 'index',
    1 => 'Cases',
    2 => 'index',
  ),
)
[ info ] [ HEADER ] array (
  'host' => 'localhost',
  'connection' => 'keep-alive',
  'upgrade-insecure-requests' => '1',
  'user-agent' => 'Mozilla/5.0 (Windows NT 6.1; WOW64) AppleWebKit/537.36 (KHTML, like Gecko) Chrome/72.0.3626.81 Safari/537.36',
  'accept' => 'text/html,application/xhtml+xml,application/xml;q=0.9,image/webp,image/apng,*/*;q=0.8',
  'referer' => 'http://localhost/index.php/index/Service/index.html',
  'accept-encoding' => 'gzip, deflate, br',
  'accept-language' => 'zh-CN,zh;q=0.9',
  'cookie' => 'UM_distinctid=16a28e85b70d6-04a9d561e4a45d-6517157f-1fa400-16a28e85b7113a; CNZZDATA1261418685=902214253-1555460564-%7C1555459780',
)
[ info ] [ PARAM ] array (
)
[ info ] [ RUN ] app\index\Controller\Cases->index[ F:\Sublime Project\0002cyx\cyx\application\index\controller\Cases.php ]
[ info ] [ VIEW ] F:\Sublime Project\0002cyx\cyx/application/index\view\cases\index.html [ array (
) ]
[ info ] [ LOG ] INIT File
---------------------------------------------------------------
[ 2019-04-17T09:28:37+08:00 ] 0.0.0.0 GET localhost/index.php/index/News/index.html
[运行时间：0.082004s] [吞吐率：12.19req/s] [内存消耗：2,401.01kb] [文件加载：46]
[ info ] [ LANG ] F:\Sublime Project\0002cyx\cyx\thinkphp\lang\zh-cn.php
[ info ] [ ROUTE ] array (
  'type' => 'module',
  'module' => 
  array (
    0 => 'index',
    1 => 'News',
    2 => 'index',
  ),
)
[ info ] [ HEADER ] array (
  'host' => 'localhost',
  'connection' => 'keep-alive',
  'upgrade-insecure-requests' => '1',
  'user-agent' => 'Mozilla/5.0 (Windows NT 6.1; WOW64) AppleWebKit/537.36 (KHTML, like Gecko) Chrome/72.0.3626.81 Safari/537.36',
  'accept' => 'text/html,application/xhtml+xml,application/xml;q=0.9,image/webp,image/apng,*/*;q=0.8',
  'referer' => 'http://localhost/index.php/index/Cases/index.html',
  'accept-encoding' => 'gzip, deflate, br',
  'accept-language' => 'zh-CN,zh;q=0.9',
  'cookie' => 'UM_distinctid=16a28e85b70d6-04a9d561e4a45d-6517157f-1fa400-16a28e85b7113a; CNZZDATA1261418685=902214253-1555460564-%7C1555459780',
)
[ info ] [ PARAM ] array (
)
[ info ] [ RUN ] app\index\Controller\News->index[ F:\Sublime Project\0002cyx\cyx\application\index\controller\News.php ]
[ info ] [ VIEW ] F:\Sublime Project\0002cyx\cyx/application/index\view\news\index.html [ array (
) ]
[ info ] [ LOG ] INIT File
---------------------------------------------------------------
[ 2019-04-17T09:28:40+08:00 ] 0.0.0.0 GET localhost/index.php/index/About/index.html
[运行时间：0.096006s] [吞吐率：10.42req/s] [内存消耗：2,387.19kb] [文件加载：46]
[ info ] [ LANG ] F:\Sublime Project\0002cyx\cyx\thinkphp\lang\zh-cn.php
[ info ] [ ROUTE ] array (
  'type' => 'module',
  'module' => 
  array (
    0 => 'index',
    1 => 'About',
    2 => 'index',
  ),
)
[ info ] [ HEADER ] array (
  'host' => 'localhost',
  'connection' => 'keep-alive',
  'upgrade-insecure-requests' => '1',
  'user-agent' => 'Mozilla/5.0 (Windows NT 6.1; WOW64) AppleWebKit/537.36 (KHTML, like Gecko) Chrome/72.0.3626.81 Safari/537.36',
  'accept' => 'text/html,application/xhtml+xml,application/xml;q=0.9,image/webp,image/apng,*/*;q=0.8',
  'referer' => 'http://localhost/index.php/index/News/index.html',
  'accept-encoding' => 'gzip, deflate, br',
  'accept-language' => 'zh-CN,zh;q=0.9',
  'cookie' => 'UM_distinctid=16a28e85b70d6-04a9d561e4a45d-6517157f-1fa400-16a28e85b7113a; CNZZDATA1261418685=902214253-1555460564-%7C1555459780',
)
[ info ] [ PARAM ] array (
)
[ info ] [ RUN ] app\index\Controller\About->index[ F:\Sublime Project\0002cyx\cyx\application\index\controller\About.php ]
[ info ] [ VIEW ] F:\Sublime Project\0002cyx\cyx/application/index\view\about\index.html [ array (
) ]
[ info ] [ LOG ] INIT File
---------------------------------------------------------------
[ 2019-04-17T09:30:21+08:00 ] 0.0.0.0 GET localhost/index.php/index/Solution/index.html
[运行时间：0.046003s] [吞吐率：21.74req/s] [内存消耗：2,141.52kb] [文件加载：44]
[ info ] [ LANG ] F:\Sublime Project\0002cyx\cyx\thinkphp\lang\zh-cn.php
[ info ] [ ROUTE ] array (
  'type' => 'module',
  'module' => 
  array (
    0 => 'index',
    1 => 'Solution',
    2 => 'index',
  ),
)
[ info ] [ HEADER ] array (
  'host' => 'localhost',
  'connection' => 'keep-alive',
  'upgrade-insecure-requests' => '1',
  'user-agent' => 'Mozilla/5.0 (Windows NT 6.1; WOW64) AppleWebKit/537.36 (KHTML, like Gecko) Chrome/72.0.3626.81 Safari/537.36',
  'accept' => 'text/html,application/xhtml+xml,application/xml;q=0.9,image/webp,image/apng,*/*;q=0.8',
  'referer' => 'http://localhost/index.php/index/About/index.html',
  'accept-encoding' => 'gzip, deflate, br',
  'accept-language' => 'zh-CN,zh;q=0.9',
  'cookie' => 'UM_distinctid=16a28e85b70d6-04a9d561e4a45d-6517157f-1fa400-16a28e85b7113a; CNZZDATA1261418685=902214253-1555460564-%7C1555459780',
)
[ info ] [ PARAM ] array (
)
[ info ] [ RUN ] app\index\Controller\Solution->index[ F:\Sublime Project\0002cyx\cyx\application\index\controller\Solution.php ]
[ info ] [ VIEW ] F:\Sublime Project\0002cyx\cyx/application/index\view\solution\index.html [ array (
) ]
[ info ] [ LOG ] INIT File
---------------------------------------------------------------
[ 2019-04-17T09:30:22+08:00 ] 0.0.0.0 GET localhost/index.php/index/Service/index.html
[运行时间：0.036002s] [吞吐率：27.78req/s] [内存消耗：2,137.54kb] [文件加载：44]
[ info ] [ LANG ] F:\Sublime Project\0002cyx\cyx\thinkphp\lang\zh-cn.php
[ info ] [ ROUTE ] array (
  'type' => 'module',
  'module' => 
  array (
    0 => 'index',
    1 => 'Service',
    2 => 'index',
  ),
)
[ info ] [ HEADER ] array (
  'host' => 'localhost',
  'connection' => 'keep-alive',
  'upgrade-insecure-requests' => '1',
  'user-agent' => 'Mozilla/5.0 (Windows NT 6.1; WOW64) AppleWebKit/537.36 (KHTML, like Gecko) Chrome/72.0.3626.81 Safari/537.36',
  'accept' => 'text/html,application/xhtml+xml,application/xml;q=0.9,image/webp,image/apng,*/*;q=0.8',
  'referer' => 'http://localhost/index.php/index/Solution/index.html',
  'accept-encoding' => 'gzip, deflate, br',
  'accept-language' => 'zh-CN,zh;q=0.9',
  'cookie' => 'UM_distinctid=16a28e85b70d6-04a9d561e4a45d-6517157f-1fa400-16a28e85b7113a; CNZZDATA1261418685=902214253-1555460564-%7C1555459780',
)
[ info ] [ PARAM ] array (
)
[ info ] [ RUN ] app\index\Controller\Service->index[ F:\Sublime Project\0002cyx\cyx\application\index\controller\Service.php ]
[ info ] [ VIEW ] F:\Sublime Project\0002cyx\cyx/application/index\view\service\index.html [ array (
) ]
[ info ] [ LOG ] INIT File
---------------------------------------------------------------
[ 2019-04-17T09:30:22+08:00 ] 0.0.0.0 GET localhost/index.php/index/Cases/index.html
[运行时间：0.041002s] [吞吐率：24.39req/s] [内存消耗：2,121.53kb] [文件加载：44]
[ info ] [ LANG ] F:\Sublime Project\0002cyx\cyx\thinkphp\lang\zh-cn.php
[ info ] [ ROUTE ] array (
  'type' => 'module',
  'module' => 
  array (
    0 => 'index',
    1 => 'Cases',
    2 => 'index',
  ),
)
[ info ] [ HEADER ] array (
  'host' => 'localhost',
  'connection' => 'keep-alive',
  'upgrade-insecure-requests' => '1',
  'user-agent' => 'Mozilla/5.0 (Windows NT 6.1; WOW64) AppleWebKit/537.36 (KHTML, like Gecko) Chrome/72.0.3626.81 Safari/537.36',
  'accept' => 'text/html,application/xhtml+xml,application/xml;q=0.9,image/webp,image/apng,*/*;q=0.8',
  'referer' => 'http://localhost/index.php/index/Service/index.html',
  'accept-encoding' => 'gzip, deflate, br',
  'accept-language' => 'zh-CN,zh;q=0.9',
  'cookie' => 'UM_distinctid=16a28e85b70d6-04a9d561e4a45d-6517157f-1fa400-16a28e85b7113a; CNZZDATA1261418685=902214253-1555460564-%7C1555459780',
)
[ info ] [ PARAM ] array (
)
[ info ] [ RUN ] app\index\Controller\Cases->index[ F:\Sublime Project\0002cyx\cyx\application\index\controller\Cases.php ]
[ info ] [ VIEW ] F:\Sublime Project\0002cyx\cyx/application/index\view\cases\index.html [ array (
) ]
[ info ] [ LOG ] INIT File
---------------------------------------------------------------
[ 2019-04-17T09:31:33+08:00 ] 0.0.0.0 GET localhost/index.php/mobile
[运行时间：0.140002s] [吞吐率：7.14req/s] [内存消耗：2,351.16kb] [文件加载：46]
[ info ] [ LANG ] F:\Sublime Project\0002cyx\cyx\thinkphp\lang\zh-cn.php
[ info ] [ ROUTE ] array (
  'type' => 'module',
  'module' => 
  array (
    0 => 'mobile',
    1 => NULL,
    2 => NULL,
  ),
)
[ info ] [ HEADER ] array (
  'host' => 'localhost',
  'connection' => 'keep-alive',
  'upgrade-insecure-requests' => '1',
  'user-agent' => 'Mozilla/5.0 (iPhone; CPU iPhone OS 9_1 like Mac OS X) AppleWebKit/601.1.46 (KHTML, like Gecko) Version/9.0 Mobile/13B143 Safari/601.1 wechatdevtools/1.02.1902010 MicroMessenger/6.7.3 Language/zh_CN webview/155546466632550 webdebugger port/42905',
  'accept' => 'text/html,application/xhtml+xml,application/xml;q=0.9,image/webp,image/apng,*/*;q=0.8',
  'accept-encoding' => 'gzip, deflate, br',
  'accept-language' => 'zh-CN,zh;q=0.8',
)
[ info ] [ PARAM ] array (
)
[ info ] [ RUN ] app\mobile\Controller\Homepage->index[ F:\Sublime Project\0002cyx\cyx\application\mobile\controller\Homepage.php ]
[ info ] [ VIEW ] F:\Sublime Project\0002cyx\cyx/application/mobile\view\homepage\index.html [ array (
) ]
[ info ] [ LOG ] INIT File
---------------------------------------------------------------
[ 2019-04-17T09:58:37+08:00 ] 127.0.0.1 GET localhost/
[运行时间：0.066004s] [吞吐率：15.15req/s] [内存消耗：2,084.80kb] [文件加载：49]
[ info ] [ LANG ] F:\Sublime Project\0002cyx\cyx\thinkphp\lang\zh-cn.php
[ info ] [ ROUTE ] array (
  'type' => 'module',
  'module' => 
  array (
    0 => '',
    1 => NULL,
    2 => NULL,
  ),
)
[ info ] [ HEADER ] array (
  'host' => 'localhost',
  'user-agent' => 'Mozilla/5.0 (Windows NT 6.1; Win64; x64; rv:66.0) Gecko/20100101 Firefox/66.0',
  'accept' => 'text/html,application/xhtml+xml,application/xml;q=0.9,*/*;q=0.8',
  'accept-language' => 'zh-CN,zh;q=0.8,zh-TW;q=0.7,zh-HK;q=0.5,en-US;q=0.3,en;q=0.2',
  'accept-encoding' => 'gzip, deflate',
  'connection' => 'keep-alive',
  'cookie' => 'pgv_pvi=7376621568',
  'upgrade-insecure-requests' => '1',
)
[ info ] [ PARAM ] array (
)
[ info ] [ RUN ] app\admin\Controller\Homepage->index[ F:\Sublime Project\0002cyx\cyx\application\admin\controller\Homepage.php ]
[ info ] [ VIEW ] F:\Sublime Project\0002cyx\cyx/application/admin\view\homepage\index.html [ array (
) ]
[ info ] [ LOG ] INIT File
[ error ] [8]Use of undefined constant CONTROLLER_NAME - assumed 'CONTROLLER_NAME'[F:\Sublime Project\0002cyx\cyx\runtime\temp\8954714e80e5e061557cc91752611732.php:91]
[ error ] [8]Use of undefined constant CONTROLLER_NAME - assumed 'CONTROLLER_NAME'[F:\Sublime Project\0002cyx\cyx\runtime\temp\8954714e80e5e061557cc91752611732.php:92]
[ error ] [8]Use of undefined constant CONTROLLER_NAME - assumed 'CONTROLLER_NAME'[F:\Sublime Project\0002cyx\cyx\runtime\temp\8954714e80e5e061557cc91752611732.php:93]
[ error ] [8]Use of undefined constant CONTROLLER_NAME - assumed 'CONTROLLER_NAME'[F:\Sublime Project\0002cyx\cyx\runtime\temp\8954714e80e5e061557cc91752611732.php:94]
[ error ] [8]Use of undefined constant CONTROLLER_NAME - assumed 'CONTROLLER_NAME'[F:\Sublime Project\0002cyx\cyx\runtime\temp\8954714e80e5e061557cc91752611732.php:95]
[ error ] [8]Use of undefined constant CONTROLLER_NAME - assumed 'CONTROLLER_NAME'[F:\Sublime Project\0002cyx\cyx\runtime\temp\8954714e80e5e061557cc91752611732.php:96]
[ error ] [8]Use of undefined constant CONTROLLER_NAME - assumed 'CONTROLLER_NAME'[F:\Sublime Project\0002cyx\cyx\runtime\temp\8954714e80e5e061557cc91752611732.php:97]
[ error ] [8]Use of undefined constant CONTROLLER_NAME - assumed 'CONTROLLER_NAME'[F:\Sublime Project\0002cyx\cyx\runtime\temp\8954714e80e5e061557cc91752611732.php:98]
[ error ] [8]Use of undefined constant CONTROLLER_NAME - assumed 'CONTROLLER_NAME'[F:\Sublime Project\0002cyx\cyx\runtime\temp\8954714e80e5e061557cc91752611732.php:99]
---------------------------------------------------------------
[ 2019-04-17T09:59:20+08:00 ] 0.0.0.0 GET localhost/index.php/index/Homepage/index.html
[运行时间：0.045002s] [吞吐率：22.22req/s] [内存消耗：2,189.53kb] [文件加载：44]
[ info ] [ LANG ] F:\Sublime Project\0002cyx\cyx\thinkphp\lang\zh-cn.php
[ info ] [ ROUTE ] array (
  'type' => 'module',
  'module' => 
  array (
    0 => 'index',
    1 => 'Homepage',
    2 => 'index',
  ),
)
[ info ] [ HEADER ] array (
  'host' => 'localhost',
  'connection' => 'keep-alive',
  'upgrade-insecure-requests' => '1',
  'user-agent' => 'Mozilla/5.0 (Windows NT 6.1; WOW64) AppleWebKit/537.36 (KHTML, like Gecko) Chrome/72.0.3626.81 Safari/537.36',
  'accept' => 'text/html,application/xhtml+xml,application/xml;q=0.9,image/webp,image/apng,*/*;q=0.8',
  'referer' => 'http://localhost/index.php/index/Cases/index.html',
  'accept-encoding' => 'gzip, deflate, br',
  'accept-language' => 'zh-CN,zh;q=0.9',
  'cookie' => 'UM_distinctid=16a28e85b70d6-04a9d561e4a45d-6517157f-1fa400-16a28e85b7113a; CNZZDATA1261418685=902214253-1555460564-%7C1555459780',
)
[ info ] [ PARAM ] array (
)
[ info ] [ RUN ] app\index\Controller\Homepage->index[ F:\Sublime Project\0002cyx\cyx\application\index\controller\Homepage.php ]
[ info ] [ VIEW ] F:\Sublime Project\0002cyx\cyx/application/index\view\homepage\index.html [ array (
) ]
[ info ] [ LOG ] INIT File
---------------------------------------------------------------
[ 2019-04-17T10:14:24+08:00 ] 127.0.0.1 GET localhost/
[运行时间：0.167007s] [吞吐率：5.99req/s] [内存消耗：1,657.70kb] [文件加载：38]
[ info ] [ LANG ] F:\Sublime Project\0002cyx\cyx\thinkphp\lang\zh-cn.php
[ info ] [ ROUTE ] array (
  'type' => 'module',
  'module' => 
  array (
    0 => '',
    1 => NULL,
    2 => NULL,
  ),
)
[ info ] [ HEADER ] array (
  'host' => 'localhost',
  'user-agent' => 'Mozilla/5.0 (Windows NT 6.1; Win64; x64; rv:66.0) Gecko/20100101 Firefox/66.0',
  'accept' => 'text/html,application/xhtml+xml,application/xml;q=0.9,*/*;q=0.8',
  'accept-language' => 'zh-CN,zh;q=0.8,zh-TW;q=0.7,zh-HK;q=0.5,en-US;q=0.3,en;q=0.2',
  'accept-encoding' => 'gzip, deflate',
  'connection' => 'keep-alive',
  'cookie' => 'pgv_pvi=7376621568',
  'upgrade-insecure-requests' => '1',
)
[ info ] [ PARAM ] array (
)
[ info ] [ LOG ] INIT File
---------------------------------------------------------------
[ 2019-04-17T10:14:51+08:00 ] 127.0.0.1 GET localhost/
[运行时间：0.070004s] [吞吐率：14.28req/s] [内存消耗：2,065.34kb] [文件加载：44]
[ info ] [ LANG ] F:\Sublime Project\0002cyx\cyx\thinkphp\lang\zh-cn.php
[ info ] [ ROUTE ] array (
  'type' => 'module',
  'module' => 
  array (
    0 => '',
    1 => NULL,
    2 => NULL,
  ),
)
[ info ] [ HEADER ] array (
  'host' => 'localhost',
  'user-agent' => 'Mozilla/5.0 (Windows NT 6.1; Win64; x64; rv:66.0) Gecko/20100101 Firefox/66.0',
  'accept' => 'text/html,application/xhtml+xml,application/xml;q=0.9,*/*;q=0.8',
  'accept-language' => 'zh-CN,zh;q=0.8,zh-TW;q=0.7,zh-HK;q=0.5,en-US;q=0.3,en;q=0.2',
  'accept-encoding' => 'gzip, deflate',
  'connection' => 'keep-alive',
  'cookie' => 'pgv_pvi=7376621568',
  'upgrade-insecure-requests' => '1',
)
[ info ] [ PARAM ] array (
)
[ info ] [ SESSION ] INIT array (
  'id' => '',
  'var_session_id' => '',
  'prefix' => 'think',
  'type' => '',
  'auto_start' => true,
  'expire' => 0,
)
[ info ] [ LOG ] INIT File
---------------------------------------------------------------
[ 2019-04-17T10:14:51+08:00 ] 127.0.0.1 GET localhost/index.php/admin/Login/login.html
[运行时间：0.039002s] [吞吐率：25.64req/s] [内存消耗：2,238.55kb] [文件加载：46]
[ info ] [ LANG ] F:\Sublime Project\0002cyx\cyx\thinkphp\lang\zh-cn.php
[ info ] [ ROUTE ] array (
  'type' => 'module',
  'module' => 
  array (
    0 => 'admin',
    1 => 'Login',
    2 => 'login',
  ),
)
[ info ] [ HEADER ] array (
  'host' => 'localhost',
  'user-agent' => 'Mozilla/5.0 (Windows NT 6.1; Win64; x64; rv:66.0) Gecko/20100101 Firefox/66.0',
  'accept' => 'text/html,application/xhtml+xml,application/xml;q=0.9,*/*;q=0.8',
  'accept-language' => 'zh-CN,zh;q=0.8,zh-TW;q=0.7,zh-HK;q=0.5,en-US;q=0.3,en;q=0.2',
  'accept-encoding' => 'gzip, deflate',
  'connection' => 'keep-alive',
  'cookie' => 'pgv_pvi=7376621568; PHPSESSID=4l3gtejsfruherm9eanagrvgk2',
  'upgrade-insecure-requests' => '1',
)
[ info ] [ PARAM ] array (
)
[ info ] [ RUN ] app\admin\controller\Login->login[ F:\Sublime Project\0002cyx\cyx\application\admin\controller\Login.php ]
[ info ] [ VIEW ] F:\Sublime Project\0002cyx\cyx/application/admin\view\Login\login.html [ array (
) ]
[ info ] [ LOG ] INIT File
---------------------------------------------------------------
[ 2019-04-17T10:14:58+08:00 ] 127.0.0.1 POST localhost/index.php/admin/Login/login.html
[运行时间：0.169009s] [吞吐率：5.92req/s] [内存消耗：2,899.88kb] [文件加载：49]
[ info ] [ LANG ] F:\Sublime Project\0002cyx\cyx\thinkphp\lang\zh-cn.php
[ info ] [ ROUTE ] array (
  'type' => 'module',
  'module' => 
  array (
    0 => 'admin',
    1 => 'Login',
    2 => 'login',
  ),
)
[ info ] [ HEADER ] array (
  'host' => 'localhost',
  'user-agent' => 'Mozilla/5.0 (Windows NT 6.1; Win64; x64; rv:66.0) Gecko/20100101 Firefox/66.0',
  'accept' => 'application/json, text/javascript, */*; q=0.01',
  'accept-language' => 'zh-CN,zh;q=0.8,zh-TW;q=0.7,zh-HK;q=0.5,en-US;q=0.3,en;q=0.2',
  'accept-encoding' => 'gzip, deflate',
  'referer' => 'http://localhost/index.php/admin/Login/login.html',
  'content-type' => 'application/x-www-form-urlencoded; charset=UTF-8',
  'x-requested-with' => 'XMLHttpRequest',
  'content-length' => '29',
  'connection' => 'keep-alive',
  'cookie' => 'pgv_pvi=7376621568; PHPSESSID=4l3gtejsfruherm9eanagrvgk2',
)
[ info ] [ PARAM ] array (
  'account' => 'admin',
  'password' => '123456',
)
[ info ] [ RUN ] app\admin\controller\Login->login[ F:\Sublime Project\0002cyx\cyx\application\admin\controller\Login.php ]
[ info ] [ DB ] INIT mysql
[ info ] [ LOG ] INIT File
[ error ] [1049]SQLSTATE[HY000] [1049] Base 'cyx' inconnue[F:\Sublime Project\0002cyx\cyx\thinkphp\library\think\db\Connection.php:295]
---------------------------------------------------------------
[ 2019-04-17T10:14:59+08:00 ] 127.0.0.1 POST localhost/index.php/admin/Login/login.html
[运行时间：0.065003s] [吞吐率：15.38req/s] [内存消耗：2,899.88kb] [文件加载：49]
[ info ] [ LANG ] F:\Sublime Project\0002cyx\cyx\thinkphp\lang\zh-cn.php
[ info ] [ ROUTE ] array (
  'type' => 'module',
  'module' => 
  array (
    0 => 'admin',
    1 => 'Login',
    2 => 'login',
  ),
)
[ info ] [ HEADER ] array (
  'host' => 'localhost',
  'user-agent' => 'Mozilla/5.0 (Windows NT 6.1; Win64; x64; rv:66.0) Gecko/20100101 Firefox/66.0',
  'accept' => 'application/json, text/javascript, */*; q=0.01',
  'accept-language' => 'zh-CN,zh;q=0.8,zh-TW;q=0.7,zh-HK;q=0.5,en-US;q=0.3,en;q=0.2',
  'accept-encoding' => 'gzip, deflate',
  'referer' => 'http://localhost/index.php/admin/Login/login.html',
  'content-type' => 'application/x-www-form-urlencoded; charset=UTF-8',
  'x-requested-with' => 'XMLHttpRequest',
  'content-length' => '29',
  'connection' => 'keep-alive',
  'cookie' => 'pgv_pvi=7376621568; PHPSESSID=4l3gtejsfruherm9eanagrvgk2',
)
[ info ] [ PARAM ] array (
  'account' => 'admin',
  'password' => '123456',
)
[ info ] [ RUN ] app\admin\controller\Login->login[ F:\Sublime Project\0002cyx\cyx\application\admin\controller\Login.php ]
[ info ] [ DB ] INIT mysql
[ info ] [ LOG ] INIT File
[ error ] [1049]SQLSTATE[HY000] [1049] Base 'cyx' inconnue[F:\Sublime Project\0002cyx\cyx\thinkphp\library\think\db\Connection.php:295]
---------------------------------------------------------------
[ 2019-04-17T10:16:01+08:00 ] 127.0.0.1 GET localhost/index.php/admin/Login/login.html
[运行时间：0.051003s] [吞吐率：19.61req/s] [内存消耗：2,238.65kb] [文件加载：46]
[ info ] [ LANG ] F:\Sublime Project\0002cyx\cyx\thinkphp\lang\zh-cn.php
[ info ] [ ROUTE ] array (
  'type' => 'module',
  'module' => 
  array (
    0 => 'admin',
    1 => 'Login',
    2 => 'login',
  ),
)
[ info ] [ HEADER ] array (
  'host' => 'localhost',
  'user-agent' => 'Mozilla/5.0 (Windows NT 6.1; Win64; x64; rv:66.0) Gecko/20100101 Firefox/66.0',
  'accept' => 'text/html,application/xhtml+xml,application/xml;q=0.9,*/*;q=0.8',
  'accept-language' => 'zh-CN,zh;q=0.8,zh-TW;q=0.7,zh-HK;q=0.5,en-US;q=0.3,en;q=0.2',
  'accept-encoding' => 'gzip, deflate',
  'connection' => 'keep-alive',
  'cookie' => 'pgv_pvi=7376621568; PHPSESSID=4l3gtejsfruherm9eanagrvgk2',
  'upgrade-insecure-requests' => '1',
)
[ info ] [ PARAM ] array (
)
[ info ] [ RUN ] app\admin\controller\Login->login[ F:\Sublime Project\0002cyx\cyx\application\admin\controller\Login.php ]
[ info ] [ VIEW ] F:\Sublime Project\0002cyx\cyx/application/admin\view\Login\login.html [ array (
) ]
[ info ] [ LOG ] INIT File
---------------------------------------------------------------
[ 2019-04-17T10:16:50+08:00 ] 127.0.0.1 GET localhost/
[运行时间：0.085005s] [吞吐率：11.76req/s] [内存消耗：2,340.32kb] [文件加载：48]
[ info ] [ LANG ] F:\Sublime Project\0002cyx\cyx\thinkphp\lang\zh-cn.php
[ info ] [ ROUTE ] array (
  'type' => 'module',
  'module' => 
  array (
    0 => '',
    1 => NULL,
    2 => NULL,
  ),
)
[ info ] [ HEADER ] array (
  'host' => 'localhost',
  'user-agent' => 'Mozilla/5.0 (Windows NT 6.1; Win64; x64; rv:66.0) Gecko/20100101 Firefox/66.0',
  'accept' => 'text/html,application/xhtml+xml,application/xml;q=0.9,*/*;q=0.8',
  'accept-language' => 'zh-CN,zh;q=0.8,zh-TW;q=0.7,zh-HK;q=0.5,en-US;q=0.3,en;q=0.2',
  'accept-encoding' => 'gzip, deflate',
  'connection' => 'keep-alive',
  'cookie' => 'pgv_pvi=7376621568; PHPSESSID=4l3gtejsfruherm9eanagrvgk2',
  'upgrade-insecure-requests' => '1',
)
[ info ] [ PARAM ] array (
)
[ info ] [ RUN ] app\admin\controller\Index->index[ F:\Sublime Project\0002cyx\cyx\application\admin\controller\Index.php ]
[ info ] [ SESSION ] INIT array (
  'id' => '',
  'var_session_id' => '',
  'prefix' => 'think',
  'type' => '',
  'auto_start' => true,
  'expire' => 0,
)
[ info ] [ DB ] INIT mysql
[ info ] [ LOG ] INIT File
[ error ] [1049]SQLSTATE[HY000] [1049] Base 'cyx' inconnue[F:\Sublime Project\0002cyx\cyx\thinkphp\library\think\db\Connection.php:295]
---------------------------------------------------------------
[ 2019-04-17T10:17:00+08:00 ] 127.0.0.1 GET localhost/
[运行时间：0.040002s] [吞吐率：25.00req/s] [内存消耗：2,065.22kb] [文件加载：44]
[ info ] [ LANG ] F:\Sublime Project\0002cyx\cyx\thinkphp\lang\zh-cn.php
[ info ] [ ROUTE ] array (
  'type' => 'module',
  'module' => 
  array (
    0 => '',
    1 => NULL,
    2 => NULL,
  ),
)
[ info ] [ HEADER ] array (
  'host' => 'localhost',
  'user-agent' => 'Mozilla/5.0 (Windows NT 6.1; Win64; x64; rv:66.0) Gecko/20100101 Firefox/66.0',
  'accept' => 'text/html,application/xhtml+xml,application/xml;q=0.9,*/*;q=0.8',
  'accept-language' => 'zh-CN,zh;q=0.8,zh-TW;q=0.7,zh-HK;q=0.5,en-US;q=0.3,en;q=0.2',
  'accept-encoding' => 'gzip, deflate',
  'connection' => 'keep-alive',
  'cookie' => 'pgv_pvi=7376621568; PHPSESSID=4l3gtejsfruherm9eanagrvgk2',
  'upgrade-insecure-requests' => '1',
)
[ info ] [ PARAM ] array (
)
[ info ] [ SESSION ] INIT array (
  'id' => '',
  'var_session_id' => '',
  'prefix' => 'think',
  'type' => '',
  'auto_start' => true,
  'expire' => 0,
)
[ info ] [ LOG ] INIT File
---------------------------------------------------------------
[ 2019-04-17T10:17:00+08:00 ] 127.0.0.1 GET localhost/index.php/admin/Login/login.html
[运行时间：0.035002s] [吞吐率：28.57req/s] [内存消耗：2,075.38kb] [文件加载：44]
[ info ] [ LANG ] F:\Sublime Project\0002cyx\cyx\thinkphp\lang\zh-cn.php
[ info ] [ ROUTE ] array (
  'type' => 'module',
  'module' => 
  array (
    0 => 'admin',
    1 => 'Login',
    2 => 'login',
  ),
)
[ info ] [ HEADER ] array (
  'host' => 'localhost',
  'user-agent' => 'Mozilla/5.0 (Windows NT 6.1; Win64; x64; rv:66.0) Gecko/20100101 Firefox/66.0',
  'accept' => 'text/html,application/xhtml+xml,application/xml;q=0.9,*/*;q=0.8',
  'accept-language' => 'zh-CN,zh;q=0.8,zh-TW;q=0.7,zh-HK;q=0.5,en-US;q=0.3,en;q=0.2',
  'accept-encoding' => 'gzip, deflate',
  'connection' => 'keep-alive',
  'cookie' => 'pgv_pvi=7376621568; PHPSESSID=4l3gtejsfruherm9eanagrvgk2',
  'upgrade-insecure-requests' => '1',
)
[ info ] [ PARAM ] array (
)
[ info ] [ RUN ] app\admin\controller\Login->login[ F:\Sublime Project\0002cyx\cyx\application\admin\controller\Login.php ]
[ info ] [ VIEW ] F:\Sublime Project\0002cyx\cyx/application/admin\view\Login\login.html [ array (
) ]
[ info ] [ LOG ] INIT File
---------------------------------------------------------------
[ 2019-04-17T10:22:04+08:00 ] 127.0.0.1 POST localhost/index.php/admin/Login/login.html
[运行时间：0.192011s] [吞吐率：5.21req/s] [内存消耗：3,011.81kb] [文件加载：51]
[ info ] [ LANG ] F:\Sublime Project\0002cyx\cyx\thinkphp\lang\zh-cn.php
[ info ] [ ROUTE ] array (
  'type' => 'module',
  'module' => 
  array (
    0 => 'admin',
    1 => 'Login',
    2 => 'login',
  ),
)
[ info ] [ HEADER ] array (
  'host' => 'localhost',
  'user-agent' => 'Mozilla/5.0 (Windows NT 6.1; Win64; x64; rv:66.0) Gecko/20100101 Firefox/66.0',
  'accept' => 'application/json, text/javascript, */*; q=0.01',
  'accept-language' => 'zh-CN,zh;q=0.8,zh-TW;q=0.7,zh-HK;q=0.5,en-US;q=0.3,en;q=0.2',
  'accept-encoding' => 'gzip, deflate',
  'referer' => 'http://localhost/index.php/admin/Login/login.html',
  'content-type' => 'application/x-www-form-urlencoded; charset=UTF-8',
  'x-requested-with' => 'XMLHttpRequest',
  'content-length' => '29',
  'connection' => 'keep-alive',
  'cookie' => 'pgv_pvi=7376621568; PHPSESSID=4l3gtejsfruherm9eanagrvgk2',
)
[ info ] [ PARAM ] array (
  'account' => 'admin',
  'password' => '123456',
)
[ info ] [ RUN ] app\admin\controller\Login->login[ F:\Sublime Project\0002cyx\cyx\application\admin\controller\Login.php ]
[ info ] [ DB ] INIT mysql
[ info ] [ LOG ] INIT File
[ sql ] [ DB ] CONNECT:[ UseTime:0.012001s ] mysql:host=localhost;port=3306;dbname=cyx;charset=utf8
[ sql ] [ SQL ] SHOW COLUMNS FROM `cyx_user` [ RunTime:0.045002s ]
[ sql ] [ SQL ] SELECT * FROM `cyx_user` WHERE  `status` > 0  AND `account` = 'admin' LIMIT 1 [ RunTime:0.002000s ]
---------------------------------------------------------------
[ 2019-04-17T10:22:05+08:00 ] 127.0.0.1 GET localhost/index.php/admin/Login/login.html
[运行时间：0.040002s] [吞吐率：25.00req/s] [内存消耗：2,075.66kb] [文件加载：44]
[ info ] [ LANG ] F:\Sublime Project\0002cyx\cyx\thinkphp\lang\zh-cn.php
[ info ] [ ROUTE ] array (
  'type' => 'module',
  'module' => 
  array (
    0 => 'admin',
    1 => 'Login',
    2 => 'login',
  ),
)
[ info ] [ HEADER ] array (
  'host' => 'localhost',
  'user-agent' => 'Mozilla/5.0 (Windows NT 6.1; Win64; x64; rv:66.0) Gecko/20100101 Firefox/66.0',
  'accept' => 'text/html,application/xhtml+xml,application/xml;q=0.9,*/*;q=0.8',
  'accept-language' => 'zh-CN,zh;q=0.8,zh-TW;q=0.7,zh-HK;q=0.5,en-US;q=0.3,en;q=0.2',
  'accept-encoding' => 'gzip, deflate',
  'referer' => 'http://localhost/index.php/admin/Login/login.html',
  'connection' => 'keep-alive',
  'cookie' => 'pgv_pvi=7376621568; PHPSESSID=4l3gtejsfruherm9eanagrvgk2',
  'upgrade-insecure-requests' => '1',
)
[ info ] [ PARAM ] array (
)
[ info ] [ RUN ] app\admin\controller\Login->login[ F:\Sublime Project\0002cyx\cyx\application\admin\controller\Login.php ]
[ info ] [ VIEW ] F:\Sublime Project\0002cyx\cyx/application/admin\view\Login\login.html [ array (
) ]
[ info ] [ LOG ] INIT File
---------------------------------------------------------------
[ 2019-04-17T10:22:19+08:00 ] 127.0.0.1 POST localhost/index.php/admin/Login/login.html
[运行时间：0.085005s] [吞吐率：11.76req/s] [内存消耗：3,011.81kb] [文件加载：51]
[ info ] [ LANG ] F:\Sublime Project\0002cyx\cyx\thinkphp\lang\zh-cn.php
[ info ] [ ROUTE ] array (
  'type' => 'module',
  'module' => 
  array (
    0 => 'admin',
    1 => 'Login',
    2 => 'login',
  ),
)
[ info ] [ HEADER ] array (
  'host' => 'localhost',
  'user-agent' => 'Mozilla/5.0 (Windows NT 6.1; Win64; x64; rv:66.0) Gecko/20100101 Firefox/66.0',
  'accept' => 'application/json, text/javascript, */*; q=0.01',
  'accept-language' => 'zh-CN,zh;q=0.8,zh-TW;q=0.7,zh-HK;q=0.5,en-US;q=0.3,en;q=0.2',
  'accept-encoding' => 'gzip, deflate',
  'referer' => 'http://localhost/index.php/admin/Login/login.html',
  'content-type' => 'application/x-www-form-urlencoded; charset=UTF-8',
  'x-requested-with' => 'XMLHttpRequest',
  'content-length' => '29',
  'connection' => 'keep-alive',
  'cookie' => 'pgv_pvi=7376621568; PHPSESSID=4l3gtejsfruherm9eanagrvgk2',
)
[ info ] [ PARAM ] array (
  'account' => 'admin',
  'password' => '123456',
)
[ info ] [ RUN ] app\admin\controller\Login->login[ F:\Sublime Project\0002cyx\cyx\application\admin\controller\Login.php ]
[ info ] [ DB ] INIT mysql
[ info ] [ LOG ] INIT File
[ sql ] [ DB ] CONNECT:[ UseTime:0.012001s ] mysql:host=localhost;port=3306;dbname=cyx;charset=utf8
[ sql ] [ SQL ] SHOW COLUMNS FROM `cyx_user` [ RunTime:0.009001s ]
[ sql ] [ SQL ] SELECT * FROM `cyx_user` WHERE  `status` > 0  AND `account` = 'admin' LIMIT 1 [ RunTime:0.002000s ]
---------------------------------------------------------------
[ 2019-04-17T10:22:20+08:00 ] 127.0.0.1 GET localhost/index.php/admin/Login/login.html
[运行时间：0.048002s] [吞吐率：20.83req/s] [内存消耗：2,075.66kb] [文件加载：44]
[ info ] [ LANG ] F:\Sublime Project\0002cyx\cyx\thinkphp\lang\zh-cn.php
[ info ] [ ROUTE ] array (
  'type' => 'module',
  'module' => 
  array (
    0 => 'admin',
    1 => 'Login',
    2 => 'login',
  ),
)
[ info ] [ HEADER ] array (
  'host' => 'localhost',
  'user-agent' => 'Mozilla/5.0 (Windows NT 6.1; Win64; x64; rv:66.0) Gecko/20100101 Firefox/66.0',
  'accept' => 'text/html,application/xhtml+xml,application/xml;q=0.9,*/*;q=0.8',
  'accept-language' => 'zh-CN,zh;q=0.8,zh-TW;q=0.7,zh-HK;q=0.5,en-US;q=0.3,en;q=0.2',
  'accept-encoding' => 'gzip, deflate',
  'referer' => 'http://localhost/index.php/admin/Login/login.html',
  'connection' => 'keep-alive',
  'cookie' => 'pgv_pvi=7376621568; PHPSESSID=4l3gtejsfruherm9eanagrvgk2',
  'upgrade-insecure-requests' => '1',
)
[ info ] [ PARAM ] array (
)
[ info ] [ RUN ] app\admin\controller\Login->login[ F:\Sublime Project\0002cyx\cyx\application\admin\controller\Login.php ]
[ info ] [ VIEW ] F:\Sublime Project\0002cyx\cyx/application/admin\view\Login\login.html [ array (
) ]
[ info ] [ LOG ] INIT File
---------------------------------------------------------------
[ 2019-04-17T10:24:05+08:00 ] 127.0.0.1 GET localhost/index.php/admin/Login/login.html
[运行时间：0.044002s] [吞吐率：22.73req/s] [内存消耗：2,075.88kb] [文件加载：44]
[ info ] [ LANG ] F:\Sublime Project\0002cyx\cyx\thinkphp\lang\zh-cn.php
[ info ] [ ROUTE ] array (
  'type' => 'module',
  'module' => 
  array (
    0 => 'admin',
    1 => 'Login',
    2 => 'login',
  ),
)
[ info ] [ HEADER ] array (
  'host' => 'localhost',
  'user-agent' => 'Mozilla/5.0 (Windows NT 6.1; Win64; x64; rv:66.0) Gecko/20100101 Firefox/66.0',
  'accept' => 'text/html,application/xhtml+xml,application/xml;q=0.9,*/*;q=0.8',
  'accept-language' => 'zh-CN,zh;q=0.8,zh-TW;q=0.7,zh-HK;q=0.5,en-US;q=0.3,en;q=0.2',
  'accept-encoding' => 'gzip, deflate',
  'referer' => 'http://localhost/index.php/admin/Login/login.html',
  'connection' => 'keep-alive',
  'cookie' => 'pgv_pvi=7376621568; PHPSESSID=4l3gtejsfruherm9eanagrvgk2',
  'upgrade-insecure-requests' => '1',
  'cache-control' => 'max-age=0',
)
[ info ] [ PARAM ] array (
)
[ info ] [ RUN ] app\admin\controller\Login->login[ F:\Sublime Project\0002cyx\cyx\application\admin\controller\Login.php ]
[ info ] [ VIEW ] F:\Sublime Project\0002cyx\cyx/application/admin\view\Login\login.html [ array (
) ]
[ info ] [ LOG ] INIT File
---------------------------------------------------------------
[ 2019-04-17T10:24:10+08:00 ] 127.0.0.1 POST localhost/index.php/admin/Login/login.html
[运行时间：0.073004s] [吞吐率：13.70req/s] [内存消耗：3,015.41kb] [文件加载：51]
[ info ] [ LANG ] F:\Sublime Project\0002cyx\cyx\thinkphp\lang\zh-cn.php
[ info ] [ ROUTE ] array (
  'type' => 'module',
  'module' => 
  array (
    0 => 'admin',
    1 => 'Login',
    2 => 'login',
  ),
)
[ info ] [ HEADER ] array (
  'host' => 'localhost',
  'user-agent' => 'Mozilla/5.0 (Windows NT 6.1; Win64; x64; rv:66.0) Gecko/20100101 Firefox/66.0',
  'accept' => 'application/json, text/javascript, */*; q=0.01',
  'accept-language' => 'zh-CN,zh;q=0.8,zh-TW;q=0.7,zh-HK;q=0.5,en-US;q=0.3,en;q=0.2',
  'accept-encoding' => 'gzip, deflate',
  'referer' => 'http://localhost/index.php/admin/Login/login.html',
  'content-type' => 'application/x-www-form-urlencoded; charset=UTF-8',
  'x-requested-with' => 'XMLHttpRequest',
  'content-length' => '29',
  'connection' => 'keep-alive',
  'cookie' => 'pgv_pvi=7376621568; PHPSESSID=4l3gtejsfruherm9eanagrvgk2',
)
[ info ] [ PARAM ] array (
  'account' => 'admin',
  'password' => '123456',
)
[ info ] [ RUN ] app\admin\controller\Login->login[ F:\Sublime Project\0002cyx\cyx\application\admin\controller\Login.php ]
[ info ] [ DB ] INIT mysql
[ info ] [ SESSION ] INIT array (
  'id' => '',
  'var_session_id' => '',
  'prefix' => 'think',
  'type' => '',
  'auto_start' => true,
  'expire' => 0,
)
[ info ] [ LOG ] INIT File
[ sql ] [ DB ] CONNECT:[ UseTime:0.002000s ] mysql:host=localhost;port=3306;dbname=cyx;charset=utf8
[ sql ] [ SQL ] SHOW COLUMNS FROM `cyx_user` [ RunTime:0.007000s ]
[ sql ] [ SQL ] SELECT * FROM `cyx_user` WHERE  `status` > 0  AND `account` = 'admin' LIMIT 1 [ RunTime:0.002000s ]
---------------------------------------------------------------
[ 2019-04-17T10:24:10+08:00 ] 127.0.0.1 GET localhost/index.php/admin/Index/index.html
[运行时间：0.199011s] [吞吐率：5.02req/s] [内存消耗：3,690.34kb] [文件加载：59]
[ info ] [ LANG ] F:\Sublime Project\0002cyx\cyx\thinkphp\lang\zh-cn.php
[ info ] [ ROUTE ] array (
  'type' => 'module',
  'module' => 
  array (
    0 => 'admin',
    1 => 'Index',
    2 => 'index',
  ),
)
[ info ] [ HEADER ] array (
  'host' => 'localhost',
  'user-agent' => 'Mozilla/5.0 (Windows NT 6.1; Win64; x64; rv:66.0) Gecko/20100101 Firefox/66.0',
  'accept' => 'text/html,application/xhtml+xml,application/xml;q=0.9,*/*;q=0.8',
  'accept-language' => 'zh-CN,zh;q=0.8,zh-TW;q=0.7,zh-HK;q=0.5,en-US;q=0.3,en;q=0.2',
  'accept-encoding' => 'gzip, deflate',
  'referer' => 'http://localhost/index.php/admin/Login/login.html',
  'connection' => 'keep-alive',
  'cookie' => 'pgv_pvi=7376621568; PHPSESSID=4l3gtejsfruherm9eanagrvgk2',
  'upgrade-insecure-requests' => '1',
)
[ info ] [ PARAM ] array (
)
[ info ] [ SESSION ] INIT array (
  'id' => '',
  'var_session_id' => '',
  'prefix' => 'think',
  'type' => '',
  'auto_start' => true,
  'expire' => 0,
)
[ info ] [ RUN ] app\admin\controller\Index->index[ F:\Sublime Project\0002cyx\cyx\application\admin\controller\Index.php ]
[ info ] [ DB ] INIT mysql
[ info ] [ VIEW ] F:\Sublime Project\0002cyx\cyx/application/admin\view\Index\index.html [ array (
  0 => 'adminid',
  1 => 'menu',
  2 => 'ulist',
) ]
[ info ] [ LOG ] INIT File
[ sql ] [ DB ] CONNECT:[ UseTime:0.002001s ] mysql:host=localhost;port=3306;dbname=cyx;charset=utf8
[ sql ] [ SQL ] SHOW COLUMNS FROM `cyx_group` [ RunTime:0.007000s ]
[ sql ] [ SQL ] SELECT `id` FROM `cyx_group` WHERE  `name` = 'admin'  AND `status` > 0 ORDER BY `sort` ASC [ RunTime:0.002000s ]
[ sql ] [ SQL ] SELECT `id`,`name`,`title`,`sort` FROM `cyx_group` WHERE  `parent_id` IS NULL  AND `status` > 0 ORDER BY `sort` ASC [ RunTime:0.001000s ]
[ sql ] [ SQL ] SHOW COLUMNS FROM `cyx_user` [ RunTime:0.016001s ]
[ sql ] [ SQL ] SELECT `id`,`nickname` FROM `cyx_user` WHERE  `id` = 1 LIMIT 1 [ RunTime:0.001000s ]
[ error ] [8]未定义数组下标: 0[F:\Sublime Project\0002cyx\cyx\application\admin\controller\Index.php:54]
[ error ] [8]未定义变量: g[F:\Sublime Project\0002cyx\cyx\runtime\temp\c032348fffaa2488752b94f98d013922.php:81]
---------------------------------------------------------------
[ 2019-04-17T10:24:10+08:00 ] 127.0.0.1 GET localhost/index.php/admin/Index/welcome.html
[运行时间：0.042002s] [吞吐率：23.81req/s] [内存消耗：2,259.16kb] [文件加载：46]
[ info ] [ LANG ] F:\Sublime Project\0002cyx\cyx\thinkphp\lang\zh-cn.php
[ info ] [ ROUTE ] array (
  'type' => 'module',
  'module' => 
  array (
    0 => 'admin',
    1 => 'Index',
    2 => 'welcome',
  ),
)
[ info ] [ HEADER ] array (
  'host' => 'localhost',
  'user-agent' => 'Mozilla/5.0 (Windows NT 6.1; Win64; x64; rv:66.0) Gecko/20100101 Firefox/66.0',
  'accept' => 'text/html,application/xhtml+xml,application/xml;q=0.9,*/*;q=0.8',
  'accept-language' => 'zh-CN,zh;q=0.8,zh-TW;q=0.7,zh-HK;q=0.5,en-US;q=0.3,en;q=0.2',
  'accept-encoding' => 'gzip, deflate',
  'referer' => 'http://localhost/index.php/admin/Index/index.html',
  'connection' => 'keep-alive',
  'cookie' => 'pgv_pvi=7376621568; PHPSESSID=4l3gtejsfruherm9eanagrvgk2',
  'upgrade-insecure-requests' => '1',
)
[ info ] [ PARAM ] array (
)
[ info ] [ SESSION ] INIT array (
  'id' => '',
  'var_session_id' => '',
  'prefix' => 'think',
  'type' => '',
  'auto_start' => true,
  'expire' => 0,
)
[ info ] [ RUN ] app\admin\controller\Index->welcome[ F:\Sublime Project\0002cyx\cyx\application\admin\controller\Index.php ]
[ info ] [ VIEW ] F:\Sublime Project\0002cyx\cyx/application/admin\view\Index\welcome.html [ array (
) ]
[ info ] [ LOG ] INIT File
---------------------------------------------------------------
[ 2019-04-17T10:24:13+08:00 ] 127.0.0.1 GET localhost/index.php/admin/Node
[运行时间：0.081005s] [吞吐率：12.34req/s] [内存消耗：3,734.59kb] [文件加载：60]
[ info ] [ LANG ] F:\Sublime Project\0002cyx\cyx\thinkphp\lang\zh-cn.php
[ info ] [ ROUTE ] array (
  'type' => 'module',
  'module' => 
  array (
    0 => 'admin',
    1 => 'Node',
    2 => NULL,
  ),
)
[ info ] [ HEADER ] array (
  'host' => 'localhost',
  'user-agent' => 'Mozilla/5.0 (Windows NT 6.1; Win64; x64; rv:66.0) Gecko/20100101 Firefox/66.0',
  'accept' => 'text/html,application/xhtml+xml,application/xml;q=0.9,*/*;q=0.8',
  'accept-language' => 'zh-CN,zh;q=0.8,zh-TW;q=0.7,zh-HK;q=0.5,en-US;q=0.3,en;q=0.2',
  'accept-encoding' => 'gzip, deflate',
  'referer' => 'http://localhost/index.php/admin/Index/index.html',
  'connection' => 'keep-alive',
  'cookie' => 'pgv_pvi=7376621568; PHPSESSID=4l3gtejsfruherm9eanagrvgk2',
  'upgrade-insecure-requests' => '1',
)
[ info ] [ PARAM ] array (
)
[ info ] [ SESSION ] INIT array (
  'id' => '',
  'var_session_id' => '',
  'prefix' => 'think',
  'type' => '',
  'auto_start' => true,
  'expire' => 0,
)
[ info ] [ RUN ] app\admin\controller\Node->index[ F:\Sublime Project\0002cyx\cyx\application\admin\controller\Node.php ]
[ info ] [ DB ] INIT mysql
[ info ] [ VIEW ] F:\Sublime Project\0002cyx\cyx/application/admin\view\Node\index.html [ array (
  0 => 'group',
) ]
[ info ] [ LOG ] INIT File
[ sql ] [ DB ] CONNECT:[ UseTime:0.002000s ] mysql:host=localhost;port=3306;dbname=cyx;charset=utf8
[ sql ] [ SQL ] SHOW COLUMNS FROM `cyx_group` [ RunTime:0.008001s ]
[ sql ] [ SQL ] SELECT `id`,`name`,`title` FROM `cyx_group` WHERE  `parent_id` = 'app'  AND `status` > 0 [ RunTime:0.002000s ]
[ error ] [8]未定义变量: group[F:\Sublime Project\0002cyx\cyx\application\admin\controller\Node.php:56]
[ error ] [8]未定义变量: nodelist[F:\Sublime Project\0002cyx\cyx\runtime\temp\9c7ad921ffca62aab88dea48db3ec22f.php:37]
---------------------------------------------------------------
[ 2019-04-17T10:24:15+08:00 ] 127.0.0.1 GET localhost/index.php/admin/Index/index.html
[运行时间：0.105006s] [吞吐率：9.52req/s] [内存消耗：3,514.65kb] [文件加载：57]
[ info ] [ LANG ] F:\Sublime Project\0002cyx\cyx\thinkphp\lang\zh-cn.php
[ info ] [ ROUTE ] array (
  'type' => 'module',
  'module' => 
  array (
    0 => 'admin',
    1 => 'Index',
    2 => 'index',
  ),
)
[ info ] [ HEADER ] array (
  'host' => 'localhost',
  'user-agent' => 'Mozilla/5.0 (Windows NT 6.1; Win64; x64; rv:66.0) Gecko/20100101 Firefox/66.0',
  'accept' => 'text/html,application/xhtml+xml,application/xml;q=0.9,*/*;q=0.8',
  'accept-language' => 'zh-CN,zh;q=0.8,zh-TW;q=0.7,zh-HK;q=0.5,en-US;q=0.3,en;q=0.2',
  'accept-encoding' => 'gzip, deflate',
  'referer' => 'http://localhost/index.php/admin/Login/login.html',
  'connection' => 'keep-alive',
  'cookie' => 'pgv_pvi=7376621568; PHPSESSID=4l3gtejsfruherm9eanagrvgk2',
  'upgrade-insecure-requests' => '1',
  'cache-control' => 'max-age=0',
)
[ info ] [ PARAM ] array (
)
[ info ] [ SESSION ] INIT array (
  'id' => '',
  'var_session_id' => '',
  'prefix' => 'think',
  'type' => '',
  'auto_start' => true,
  'expire' => 0,
)
[ info ] [ RUN ] app\admin\controller\Index->index[ F:\Sublime Project\0002cyx\cyx\application\admin\controller\Index.php ]
[ info ] [ DB ] INIT mysql
[ info ] [ VIEW ] F:\Sublime Project\0002cyx\cyx/application/admin\view\Index\index.html [ array (
  0 => 'adminid',
  1 => 'menu',
  2 => 'ulist',
) ]
[ info ] [ LOG ] INIT File
[ sql ] [ DB ] CONNECT:[ UseTime:0.002000s ] mysql:host=localhost;port=3306;dbname=cyx;charset=utf8
[ sql ] [ SQL ] SHOW COLUMNS FROM `cyx_group` [ RunTime:0.008001s ]
[ sql ] [ SQL ] SELECT `id` FROM `cyx_group` WHERE  `name` = 'admin'  AND `status` > 0 ORDER BY `sort` ASC [ RunTime:0.001000s ]
[ sql ] [ SQL ] SELECT `id`,`name`,`title`,`sort` FROM `cyx_group` WHERE  `parent_id` IS NULL  AND `status` > 0 ORDER BY `sort` ASC [ RunTime:0.002000s ]
[ sql ] [ SQL ] SHOW COLUMNS FROM `cyx_user` [ RunTime:0.008001s ]
[ sql ] [ SQL ] SELECT `id`,`nickname` FROM `cyx_user` WHERE  `id` = 1 LIMIT 1 [ RunTime:0.001000s ]
[ error ] [8]未定义数组下标: 0[F:\Sublime Project\0002cyx\cyx\application\admin\controller\Index.php:54]
[ error ] [8]未定义变量: g[F:\Sublime Project\0002cyx\cyx\runtime\temp\c032348fffaa2488752b94f98d013922.php:81]
---------------------------------------------------------------
[ 2019-04-17T10:24:15+08:00 ] 127.0.0.1 GET localhost/index.php/admin/Index/welcome.html
[运行时间：0.047003s] [吞吐率：21.28req/s] [内存消耗：2,101.45kb] [文件加载：44]
[ info ] [ LANG ] F:\Sublime Project\0002cyx\cyx\thinkphp\lang\zh-cn.php
[ info ] [ ROUTE ] array (
  'type' => 'module',
  'module' => 
  array (
    0 => 'admin',
    1 => 'Index',
    2 => 'welcome',
  ),
)
[ info ] [ HEADER ] array (
  'host' => 'localhost',
  'user-agent' => 'Mozilla/5.0 (Windows NT 6.1; Win64; x64; rv:66.0) Gecko/20100101 Firefox/66.0',
  'accept' => 'text/html,application/xhtml+xml,application/xml;q=0.9,*/*;q=0.8',
  'accept-language' => 'zh-CN,zh;q=0.8,zh-TW;q=0.7,zh-HK;q=0.5,en-US;q=0.3,en;q=0.2',
  'accept-encoding' => 'gzip, deflate',
  'referer' => 'http://localhost/index.php/admin/Index/index.html',
  'connection' => 'keep-alive',
  'cookie' => 'pgv_pvi=7376621568; PHPSESSID=4l3gtejsfruherm9eanagrvgk2',
  'upgrade-insecure-requests' => '1',
)
[ info ] [ PARAM ] array (
)
[ info ] [ SESSION ] INIT array (
  'id' => '',
  'var_session_id' => '',
  'prefix' => 'think',
  'type' => '',
  'auto_start' => true,
  'expire' => 0,
)
[ info ] [ RUN ] app\admin\controller\Index->welcome[ F:\Sublime Project\0002cyx\cyx\application\admin\controller\Index.php ]
[ info ] [ VIEW ] F:\Sublime Project\0002cyx\cyx/application/admin\view\Index\welcome.html [ array (
) ]
[ info ] [ LOG ] INIT File
