---------------------------------------------------------------
[ 2019-04-19T09:02:36+08:00 ] 127.0.0.1 GET localhost/
[运行时间：0.120000s] [吞吐率：8.33req/s] [内存消耗：2,389.07kb] [文件加载：47]
[ info ] [ LANG ] D:\wamp\wwwroot\www\thinkphp\lang\zh-cn.php
[ info ] [ ROUTE ] array (
  'type' => 'module',
  'module' => 
  array (
    0 => '',
    1 => NULL,
    2 => NULL,
  ),
)
[ info ] [ HEADER ] array (
  'host' => 'localhost',
  'user-agent' => 'Mozilla/5.0 (Windows NT 6.1; WOW64; rv:66.0) Gecko/20100101 Firefox/66.0',
  'accept' => 'text/html,application/xhtml+xml,application/xml;q=0.9,*/*;q=0.8',
  'accept-language' => 'zh-CN,zh;q=0.8,zh-TW;q=0.7,zh-HK;q=0.5,en-US;q=0.3,en;q=0.2',
  'accept-encoding' => 'gzip, deflate',
  'connection' => 'keep-alive',
  'cookie' => 'pgv_pvi=7978113024; UM_distinctid=16a109a79f29-0a260ec99e7ea1-40574133-100200-16a109a79f3301; CNZZDATA1261418685=1378169946-1555056033-%7C1555062495',
  'upgrade-insecure-requests' => '1',
)
[ info ] [ PARAM ] array (
)
[ info ] [ SESSION ] INIT array (
  'id' => '',
  'var_session_id' => '',
  'prefix' => 'think',
  'type' => '',
  'auto_start' => true,
  'expire' => 0,
)
[ info ] [ LOG ] INIT File
---------------------------------------------------------------
[ 2019-04-19T09:02:36+08:00 ] 127.0.0.1 GET localhost/index.php/admin/Login/login.html
[运行时间：0.040001s] [吞吐率：25.00req/s] [内存消耗：2,078.95kb] [文件加载：44]
[ info ] [ LANG ] D:\wamp\wwwroot\www\thinkphp\lang\zh-cn.php
[ info ] [ ROUTE ] array (
  'type' => 'module',
  'module' => 
  array (
    0 => 'admin',
    1 => 'Login',
    2 => 'login',
  ),
)
[ info ] [ HEADER ] array (
  'host' => 'localhost',
  'user-agent' => 'Mozilla/5.0 (Windows NT 6.1; WOW64; rv:66.0) Gecko/20100101 Firefox/66.0',
  'accept' => 'text/html,application/xhtml+xml,application/xml;q=0.9,*/*;q=0.8',
  'accept-language' => 'zh-CN,zh;q=0.8,zh-TW;q=0.7,zh-HK;q=0.5,en-US;q=0.3,en;q=0.2',
  'accept-encoding' => 'gzip, deflate',
  'connection' => 'keep-alive',
  'cookie' => 'pgv_pvi=7978113024; UM_distinctid=16a109a79f29-0a260ec99e7ea1-40574133-100200-16a109a79f3301; CNZZDATA1261418685=1378169946-1555056033-%7C1555062495; PHPSESSID=jqv1n26d69em8cl728kn00e1t2',
  'upgrade-insecure-requests' => '1',
)
[ info ] [ PARAM ] array (
)
[ info ] [ RUN ] app\admin\controller\Login->login[ D:\wamp\wwwroot\www\application\admin\controller\Login.php ]
[ info ] [ VIEW ] D:\wamp\wwwroot\www/application/admin\view\Login\login.html [ array (
  0 => 'sysset',
) ]
[ info ] [ LOG ] INIT File
---------------------------------------------------------------
[ 2019-04-19T09:02:41+08:00 ] 127.0.0.1 POST localhost/index.php/admin/Login/login.html
[运行时间：0.190000s] [吞吐率：5.26req/s] [内存消耗：3,020.05kb] [文件加载：51]
[ info ] [ LANG ] D:\wamp\wwwroot\www\thinkphp\lang\zh-cn.php
[ info ] [ ROUTE ] array (
  'type' => 'module',
  'module' => 
  array (
    0 => 'admin',
    1 => 'Login',
    2 => 'login',
  ),
)
[ info ] [ HEADER ] array (
  'host' => 'localhost',
  'user-agent' => 'Mozilla/5.0 (Windows NT 6.1; WOW64; rv:66.0) Gecko/20100101 Firefox/66.0',
  'accept' => 'application/json, text/javascript, */*; q=0.01',
  'accept-language' => 'zh-CN,zh;q=0.8,zh-TW;q=0.7,zh-HK;q=0.5,en-US;q=0.3,en;q=0.2',
  'accept-encoding' => 'gzip, deflate',
  'referer' => 'http://localhost/index.php/admin/Login/login.html',
  'content-type' => 'application/x-www-form-urlencoded; charset=UTF-8',
  'x-requested-with' => 'XMLHttpRequest',
  'content-length' => '29',
  'connection' => 'keep-alive',
  'cookie' => 'pgv_pvi=7978113024; UM_distinctid=16a109a79f29-0a260ec99e7ea1-40574133-100200-16a109a79f3301; CNZZDATA1261418685=1378169946-1555056033-%7C1555062495; PHPSESSID=jqv1n26d69em8cl728kn00e1t2',
)
[ info ] [ PARAM ] array (
  'account' => 'admin',
  'password' => '123456',
)
[ info ] [ RUN ] app\admin\controller\Login->login[ D:\wamp\wwwroot\www\application\admin\controller\Login.php ]
[ info ] [ DB ] INIT mysql
[ info ] [ SESSION ] INIT array (
  'id' => '',
  'var_session_id' => '',
  'prefix' => 'think',
  'type' => '',
  'auto_start' => true,
  'expire' => 0,
)
[ info ] [ LOG ] INIT File
[ sql ] [ DB ] CONNECT:[ UseTime:0.020000s ] mysql:host=localhost;port=3306;dbname=cyx;charset=utf8
[ sql ] [ SQL ] SHOW COLUMNS FROM `cyx_user` [ RunTime:0.090000s ]
[ sql ] [ SQL ] SELECT * FROM `cyx_user` WHERE  `status` > 0  AND `account` = 'admin' LIMIT 1 [ RunTime:0.010000s ]
---------------------------------------------------------------
[ 2019-04-19T09:02:41+08:00 ] 127.0.0.1 GET localhost/index.php/admin/Index/index.html
[运行时间：0.110000s] [吞吐率：9.09req/s] [内存消耗：3,790.57kb] [文件加载：57]
[ info ] [ LANG ] D:\wamp\wwwroot\www\thinkphp\lang\zh-cn.php
[ info ] [ ROUTE ] array (
  'type' => 'module',
  'module' => 
  array (
    0 => 'admin',
    1 => 'Index',
    2 => 'index',
  ),
)
[ info ] [ HEADER ] array (
  'host' => 'localhost',
  'user-agent' => 'Mozilla/5.0 (Windows NT 6.1; WOW64; rv:66.0) Gecko/20100101 Firefox/66.0',
  'accept' => 'text/html,application/xhtml+xml,application/xml;q=0.9,*/*;q=0.8',
  'accept-language' => 'zh-CN,zh;q=0.8,zh-TW;q=0.7,zh-HK;q=0.5,en-US;q=0.3,en;q=0.2',
  'accept-encoding' => 'gzip, deflate',
  'referer' => 'http://localhost/index.php/admin/Login/login.html',
  'connection' => 'keep-alive',
  'cookie' => 'pgv_pvi=7978113024; UM_distinctid=16a109a79f29-0a260ec99e7ea1-40574133-100200-16a109a79f3301; CNZZDATA1261418685=1378169946-1555056033-%7C1555062495; PHPSESSID=jqv1n26d69em8cl728kn00e1t2',
  'upgrade-insecure-requests' => '1',
)
[ info ] [ PARAM ] array (
)
[ info ] [ SESSION ] INIT array (
  'id' => '',
  'var_session_id' => '',
  'prefix' => 'think',
  'type' => '',
  'auto_start' => true,
  'expire' => 0,
)
[ info ] [ RUN ] app\admin\controller\Index->index[ D:\wamp\wwwroot\www\application\admin\controller\Index.php ]
[ info ] [ DB ] INIT mysql
[ info ] [ VIEW ] D:\wamp\wwwroot\www/application/admin\view\Index\index.html [ array (
  0 => 'sysset',
  1 => 'adminid',
  2 => 'menu',
  3 => 'ulist',
) ]
[ info ] [ LOG ] INIT File
[ sql ] [ DB ] CONNECT:[ UseTime:0.000000s ] mysql:host=localhost;port=3306;dbname=cyx;charset=utf8
[ sql ] [ SQL ] SHOW COLUMNS FROM `cyx_group` [ RunTime:0.010000s ]
[ sql ] [ SQL ] SELECT `id` FROM `cyx_group` WHERE  `name` = 'admin'  AND `status` > 0 ORDER BY `sort` ASC [ RunTime:0.010000s ]
[ sql ] [ SQL ] SELECT `id`,`name`,`title`,`sort` FROM `cyx_group` WHERE  `parent_id` = '3'  AND `status` > 0 ORDER BY `sort` ASC [ RunTime:0.000000s ]
[ sql ] [ SQL ] SHOW COLUMNS FROM `cyx_node` [ RunTime:0.010000s ]
[ sql ] [ SQL ] SELECT `id`,`name`,`title`,`sort`,`pid` FROM `cyx_node` WHERE  `status` > 0  AND `group_id` = '4'  AND `level` = 2 ORDER BY `sort` ASC [ RunTime:0.000000s ]
[ sql ] [ SQL ] SHOW COLUMNS FROM `cyx_user` [ RunTime:0.010000s ]
[ sql ] [ SQL ] SELECT `id`,`nickname` FROM `cyx_user` WHERE  `id` = 1 LIMIT 1 [ RunTime:0.000000s ]
---------------------------------------------------------------
[ 2019-04-19T09:02:41+08:00 ] 127.0.0.1 GET localhost/index.php/admin/Index/welcome.html
[运行时间：0.080000s] [吞吐率：12.50req/s] [内存消耗：2,587.08kb] [文件加载：49]
[ info ] [ LANG ] D:\wamp\wwwroot\www\thinkphp\lang\zh-cn.php
[ info ] [ ROUTE ] array (
  'type' => 'module',
  'module' => 
  array (
    0 => 'admin',
    1 => 'Index',
    2 => 'welcome',
  ),
)
[ info ] [ HEADER ] array (
  'host' => 'localhost',
  'user-agent' => 'Mozilla/5.0 (Windows NT 6.1; WOW64; rv:66.0) Gecko/20100101 Firefox/66.0',
  'accept' => 'text/html,application/xhtml+xml,application/xml;q=0.9,*/*;q=0.8',
  'accept-language' => 'zh-CN,zh;q=0.8,zh-TW;q=0.7,zh-HK;q=0.5,en-US;q=0.3,en;q=0.2',
  'accept-encoding' => 'gzip, deflate',
  'referer' => 'http://localhost/index.php/admin/Index/index.html',
  'connection' => 'keep-alive',
  'cookie' => 'pgv_pvi=7978113024; UM_distinctid=16a109a79f29-0a260ec99e7ea1-40574133-100200-16a109a79f3301; CNZZDATA1261418685=1378169946-1555056033-%7C1555062495; PHPSESSID=jqv1n26d69em8cl728kn00e1t2',
  'upgrade-insecure-requests' => '1',
)
[ info ] [ PARAM ] array (
)
[ info ] [ SESSION ] INIT array (
  'id' => '',
  'var_session_id' => '',
  'prefix' => 'think',
  'type' => '',
  'auto_start' => true,
  'expire' => 0,
)
[ info ] [ RUN ] app\admin\controller\Index->welcome[ D:\wamp\wwwroot\www\application\admin\controller\Index.php ]
[ info ] [ VIEW ] D:\wamp\wwwroot\www/application/admin\view\Index\welcome.html [ array (
  0 => 'sysset',
) ]
[ info ] [ LOG ] INIT File
---------------------------------------------------------------
[ 2019-04-19T09:02:43+08:00 ] 127.0.0.1 GET localhost/index.php/admin/User
[运行时间：0.180000s] [吞吐率：5.56req/s] [内存消耗：4,253.31kb] [文件加载：70]
[ info ] [ LANG ] D:\wamp\wwwroot\www\thinkphp\lang\zh-cn.php
[ info ] [ ROUTE ] array (
  'type' => 'module',
  'module' => 
  array (
    0 => 'admin',
    1 => 'User',
    2 => NULL,
  ),
)
[ info ] [ HEADER ] array (
  'host' => 'localhost',
  'user-agent' => 'Mozilla/5.0 (Windows NT 6.1; WOW64; rv:66.0) Gecko/20100101 Firefox/66.0',
  'accept' => 'text/html,application/xhtml+xml,application/xml;q=0.9,*/*;q=0.8',
  'accept-language' => 'zh-CN,zh;q=0.8,zh-TW;q=0.7,zh-HK;q=0.5,en-US;q=0.3,en;q=0.2',
  'accept-encoding' => 'gzip, deflate',
  'referer' => 'http://localhost/index.php/admin/Index/index.html',
  'connection' => 'keep-alive',
  'cookie' => 'pgv_pvi=7978113024; UM_distinctid=16a109a79f29-0a260ec99e7ea1-40574133-100200-16a109a79f3301; CNZZDATA1261418685=1378169946-1555056033-%7C1555062495; PHPSESSID=jqv1n26d69em8cl728kn00e1t2',
  'upgrade-insecure-requests' => '1',
)
[ info ] [ PARAM ] array (
)
[ info ] [ SESSION ] INIT array (
  'id' => '',
  'var_session_id' => '',
  'prefix' => 'think',
  'type' => '',
  'auto_start' => true,
  'expire' => 0,
)
[ info ] [ RUN ] app\admin\controller\User->index[ D:\wamp\wwwroot\www\application\admin\controller\User.php ]
[ info ] [ DB ] INIT mysql
[ info ] [ VIEW ] D:\wamp\wwwroot\www/application/admin\view\User\index.html [ array (
  0 => 'sysset',
  1 => 'datalist',
) ]
[ info ] [ LOG ] INIT File
[ sql ] [ DB ] CONNECT:[ UseTime:0.000000s ] mysql:host=localhost;port=3306;dbname=cyx;charset=utf8
[ sql ] [ SQL ] show tables like 'cyx_user' [ RunTime:0.020000s ]
[ sql ] [ SQL ] SELECT column_name FROM information_schema.`columns` 
            WHERE table_name = 'user' AND column_name = 'createtime' [ RunTime:0.020000s ]
[ sql ] [ SQL ] SHOW COLUMNS FROM `cyx_user` [ RunTime:0.010000s ]
[ sql ] [ SQL ] SELECT COUNT(*) AS tp_count FROM `cyx_user` WHERE  `is_delete` = 0  AND `usertype_id` <> 'member' LIMIT 1 [ RunTime:0.000000s ]
[ sql ] [ SQL ] SELECT `id` FROM `cyx_user` WHERE  `is_delete` = 0  AND `usertype_id` <> 'member' ORDER BY `id` DESC LIMIT 0,20 [ RunTime:0.000000s ]
[ sql ] [ SQL ] SELECT * FROM `cyx_user` WHERE  `id` = 3 LIMIT 1 [ RunTime:0.000000s ]
[ sql ] [ SQL ] SHOW COLUMNS FROM `cyx_role_user` [ RunTime:0.010000s ]
[ sql ] [ SQL ] SHOW COLUMNS FROM `cyx_role` [ RunTime:0.010000s ]
[ sql ] [ SQL ] SELECT `cyx_role`.*,pivot.role_id AS pivot__role_id,pivot.user_id AS pivot__user_id,pivot.status AS pivot__status FROM `cyx_role` INNER JOIN `cyx_role_user` `pivot` ON `pivot`.`role_id`=`cyx_role`.`id` WHERE  `pivot`.`status` > '0'  AND `pivot`.`user_id` = 3 [ RunTime:0.000000s ]
[ sql ] [ SQL ] SELECT * FROM `cyx_user` WHERE  `id` = 1 LIMIT 1 [ RunTime:0.000000s ]
[ sql ] [ SQL ] SELECT `cyx_role`.*,pivot.role_id AS pivot__role_id,pivot.user_id AS pivot__user_id,pivot.status AS pivot__status FROM `cyx_role` INNER JOIN `cyx_role_user` `pivot` ON `pivot`.`role_id`=`cyx_role`.`id` WHERE  `pivot`.`status` > '0'  AND `pivot`.`user_id` = 1 [ RunTime:0.010000s ]
[ error ] [2048]call_user_func_array() expects parameter 1 to be a valid callback, non-static method app\admin\controller\User::_generatetabledatahtml() should not be called statically, assuming $this from compatible context app\admin\controller\User[D:\wamp\wwwroot\www\application\admin\controller\Publictable.php:76]
[ error ] [2048]call_user_func_array() expects parameter 1 to be a valid callback, non-static method app\admin\controller\User::_generatetabledatahtml() should not be called statically, assuming $this from compatible context app\admin\controller\User[D:\wamp\wwwroot\www\application\admin\controller\Publictable.php:76]
[ error ] [8]未定义数组下标: 0[D:\wamp\wwwroot\www\application\admin\controller\User.php:30]
[ error ] [8]未定义变量: theFirst[D:\wamp\wwwroot\www\application\common\Ajaxpage.php:145]
[ error ] [8]未定义变量: prePage[D:\wamp\wwwroot\www\application\common\Ajaxpage.php:145]
[ error ] [8]未定义变量: nextPage[D:\wamp\wwwroot\www\application\common\Ajaxpage.php:145]
[ error ] [8]未定义变量: theEnd[D:\wamp\wwwroot\www\application\common\Ajaxpage.php:145]
---------------------------------------------------------------
[ 2019-04-19T09:02:45+08:00 ] 127.0.0.1 GET localhost/index.php/admin/Node
[运行时间：0.100000s] [吞吐率：10.00req/s] [内存消耗：3,475.77kb] [文件加载：56]
[ info ] [ LANG ] D:\wamp\wwwroot\www\thinkphp\lang\zh-cn.php
[ info ] [ ROUTE ] array (
  'type' => 'module',
  'module' => 
  array (
    0 => 'admin',
    1 => 'Node',
    2 => NULL,
  ),
)
[ info ] [ HEADER ] array (
  'host' => 'localhost',
  'user-agent' => 'Mozilla/5.0 (Windows NT 6.1; WOW64; rv:66.0) Gecko/20100101 Firefox/66.0',
  'accept' => 'text/html,application/xhtml+xml,application/xml;q=0.9,*/*;q=0.8',
  'accept-language' => 'zh-CN,zh;q=0.8,zh-TW;q=0.7,zh-HK;q=0.5,en-US;q=0.3,en;q=0.2',
  'accept-encoding' => 'gzip, deflate',
  'referer' => 'http://localhost/index.php/admin/Index/index.html',
  'connection' => 'keep-alive',
  'cookie' => 'pgv_pvi=7978113024; UM_distinctid=16a109a79f29-0a260ec99e7ea1-40574133-100200-16a109a79f3301; CNZZDATA1261418685=1378169946-1555056033-%7C1555062495; PHPSESSID=jqv1n26d69em8cl728kn00e1t2',
  'upgrade-insecure-requests' => '1',
)
[ info ] [ PARAM ] array (
)
[ info ] [ SESSION ] INIT array (
  'id' => '',
  'var_session_id' => '',
  'prefix' => 'think',
  'type' => '',
  'auto_start' => true,
  'expire' => 0,
)
[ info ] [ RUN ] app\admin\controller\Node->index[ D:\wamp\wwwroot\www\application\admin\controller\Node.php ]
[ info ] [ DB ] INIT mysql
[ info ] [ VIEW ] D:\wamp\wwwroot\www/application/admin\view\Node\index.html [ array (
  0 => 'sysset',
  1 => 'nodelist',
  2 => 'group',
) ]
[ info ] [ LOG ] INIT File
[ sql ] [ DB ] CONNECT:[ UseTime:0.000000s ] mysql:host=localhost;port=3306;dbname=cyx;charset=utf8
[ sql ] [ SQL ] SHOW COLUMNS FROM `cyx_group` [ RunTime:0.010000s ]
[ sql ] [ SQL ] SELECT `id`,`name`,`title` FROM `cyx_group` WHERE  `parent_id` = 'app'  AND `status` > 0 [ RunTime:0.010000s ]
[ sql ] [ SQL ] SELECT `id`,`name`,`title` FROM `cyx_group` WHERE  `status` > 0  AND `parent_id` = '3' ORDER BY `sort` ASC [ RunTime:0.000000s ]
[ sql ] [ SQL ] SHOW COLUMNS FROM `cyx_node` [ RunTime:0.010000s ]
[ sql ] [ SQL ] SELECT `id`,`name`,`title`,`sort`,`pid` FROM `cyx_node` WHERE  `status` > 0  AND `group_id` = '4'  AND `level` = 2 ORDER BY `sort` ASC [ RunTime:0.000000s ]
[ sql ] [ SQL ] SELECT `id`,`name`,`title`,`sort`,`pid` FROM `cyx_node` WHERE  `status` > 0  AND `group_id` = '4'  AND `level` = 3  AND `pid` = '2' ORDER BY `sort` ASC [ RunTime:0.000000s ]
[ sql ] [ SQL ] SELECT `id`,`name`,`title`,`sort`,`pid` FROM `cyx_node` WHERE  `status` > 0  AND `group_id` = '4'  AND `level` = 3  AND `pid` = '3' ORDER BY `sort` ASC [ RunTime:0.000000s ]
[ sql ] [ SQL ] SELECT `id`,`name`,`title`,`sort`,`pid` FROM `cyx_node` WHERE  `status` > 0  AND `group_id` = '4'  AND `level` = 3  AND `pid` = '4' ORDER BY `sort` ASC [ RunTime:0.000000s ]
---------------------------------------------------------------
[ 2019-04-19T09:03:16+08:00 ] 127.0.0.1 GET localhost/index.php/admin/user/add
[运行时间：0.070000s] [吞吐率：14.29req/s] [内存消耗：3,792.63kb] [文件加载：58]
[ info ] [ LANG ] D:\wamp\wwwroot\www\thinkphp\lang\zh-cn.php
[ info ] [ ROUTE ] array (
  'type' => 'module',
  'module' => 
  array (
    0 => 'admin',
    1 => 'user',
    2 => 'add',
  ),
)
[ info ] [ HEADER ] array (
  'host' => 'localhost',
  'user-agent' => 'Mozilla/5.0 (Windows NT 6.1; WOW64; rv:66.0) Gecko/20100101 Firefox/66.0',
  'accept' => 'text/html,application/xhtml+xml,application/xml;q=0.9,*/*;q=0.8',
  'accept-language' => 'zh-CN,zh;q=0.8,zh-TW;q=0.7,zh-HK;q=0.5,en-US;q=0.3,en;q=0.2',
  'accept-encoding' => 'gzip, deflate',
  'referer' => 'http://localhost/index.php/admin/User',
  'connection' => 'keep-alive',
  'cookie' => 'pgv_pvi=7978113024; UM_distinctid=16a109a79f29-0a260ec99e7ea1-40574133-100200-16a109a79f3301; CNZZDATA1261418685=1378169946-1555056033-%7C1555062495; PHPSESSID=jqv1n26d69em8cl728kn00e1t2',
  'upgrade-insecure-requests' => '1',
)
[ info ] [ PARAM ] array (
)
[ info ] [ SESSION ] INIT array (
  'id' => '',
  'var_session_id' => '',
  'prefix' => 'think',
  'type' => '',
  'auto_start' => true,
  'expire' => 0,
)
[ info ] [ RUN ] app\admin\controller\Publictable->add[ D:\wamp\wwwroot\www\application\admin\controller\Publictable.php ]
[ info ] [ DB ] INIT mysql
[ info ] [ VIEW ] D:\wamp\wwwroot\www/application/admin\view\User\add.html [ array (
  0 => 'sysset',
  1 => 'rolelist',
) ]
[ info ] [ LOG ] INIT File
[ sql ] [ DB ] CONNECT:[ UseTime:0.000000s ] mysql:host=localhost;port=3306;dbname=cyx;charset=utf8
[ sql ] [ SQL ] SHOW COLUMNS FROM `cyx_role` [ RunTime:0.010000s ]
[ sql ] [ SQL ] SELECT `id`,`name` FROM `cyx_role` WHERE  `status` = 1 ORDER BY `createtime` DESC [ RunTime:0.000000s ]
---------------------------------------------------------------
[ 2019-04-19T09:03:42+08:00 ] 127.0.0.1 POST localhost/index.php/admin/user/insert
[运行时间：0.080001s] [吞吐率：12.50req/s] [内存消耗：3,430.12kb] [文件加载：57]
[ info ] [ LANG ] D:\wamp\wwwroot\www\thinkphp\lang\zh-cn.php
[ info ] [ ROUTE ] array (
  'type' => 'module',
  'module' => 
  array (
    0 => 'admin',
    1 => 'user',
    2 => 'insert',
  ),
)
[ info ] [ HEADER ] array (
  'host' => 'localhost',
  'user-agent' => 'Mozilla/5.0 (Windows NT 6.1; WOW64; rv:66.0) Gecko/20100101 Firefox/66.0',
  'accept' => 'text/html,application/xhtml+xml,application/xml;q=0.9,*/*;q=0.8',
  'accept-language' => 'zh-CN,zh;q=0.8,zh-TW;q=0.7,zh-HK;q=0.5,en-US;q=0.3,en;q=0.2',
  'accept-encoding' => 'gzip, deflate',
  'referer' => 'http://localhost/index.php/admin/user/add',
  'content-type' => 'application/x-www-form-urlencoded',
  'content-length' => '85',
  'connection' => 'keep-alive',
  'cookie' => 'pgv_pvi=7978113024; UM_distinctid=16a109a79f29-0a260ec99e7ea1-40574133-100200-16a109a79f3301; CNZZDATA1261418685=1378169946-1555056033-%7C1555062495; PHPSESSID=jqv1n26d69em8cl728kn00e1t2',
  'upgrade-insecure-requests' => '1',
)
[ info ] [ PARAM ] array (
  'account' => 'test',
  'password' => '123456',
  'nickname' => '测试用户2',
  'role_id' => '1',
)
[ info ] [ SESSION ] INIT array (
  'id' => '',
  'var_session_id' => '',
  'prefix' => 'think',
  'type' => '',
  'auto_start' => true,
  'expire' => 0,
)
[ info ] [ RUN ] app\admin\controller\User->insert[ D:\wamp\wwwroot\www\application\admin\controller\User.php ]
[ info ] [ DB ] INIT mysql
[ info ] [ VIEW ] D:\wamp\wwwroot\www\thinkphp\tpl\dispatch_jump.tpl [ array (
  0 => 'sysset',
  1 => 'code',
  2 => 'msg',
  3 => 'data',
  4 => 'url',
  5 => 'wait',
) ]
[ info ] [ LOG ] INIT File
[ sql ] [ DB ] CONNECT:[ UseTime:0.000000s ] mysql:host=localhost;port=3306;dbname=cyx;charset=utf8
[ sql ] [ SQL ] SHOW COLUMNS FROM `cyx_user` [ RunTime:0.010000s ]
[ sql ] [ SQL ] INSERT INTO `cyx_user` (`account` , `password` , `nickname` , `usertype_id` , `createtime` , `status`) VALUES ('test' , 'e10adc3949ba59abbe56e057f20f883e' , '测试用户2' , 'administrator' , 1555635822 , 1) [ RunTime:0.010001s ]
[ sql ] [ SQL ] SHOW COLUMNS FROM `cyx_role_user` [ RunTime:0.010000s ]
[ sql ] [ SQL ] INSERT INTO `cyx_role_user` (`role_id` , `user_id` , `status`) VALUES ('1' , '4' , 1) [ RunTime:0.000000s ]
---------------------------------------------------------------
[ 2019-04-19T09:03:43+08:00 ] 127.0.0.1 GET localhost/index.php/admin/User/index.html
[运行时间：0.150000s] [吞吐率：6.67req/s] [内存消耗：4,273.63kb] [文件加载：70]
[ info ] [ LANG ] D:\wamp\wwwroot\www\thinkphp\lang\zh-cn.php
[ info ] [ ROUTE ] array (
  'type' => 'module',
  'module' => 
  array (
    0 => 'admin',
    1 => 'User',
    2 => 'index',
  ),
)
[ info ] [ HEADER ] array (
  'host' => 'localhost',
  'user-agent' => 'Mozilla/5.0 (Windows NT 6.1; WOW64; rv:66.0) Gecko/20100101 Firefox/66.0',
  'accept' => 'text/html,application/xhtml+xml,application/xml;q=0.9,*/*;q=0.8',
  'accept-language' => 'zh-CN,zh;q=0.8,zh-TW;q=0.7,zh-HK;q=0.5,en-US;q=0.3,en;q=0.2',
  'accept-encoding' => 'gzip, deflate',
  'referer' => 'http://localhost/index.php/admin/user/insert',
  'connection' => 'keep-alive',
  'cookie' => 'pgv_pvi=7978113024; UM_distinctid=16a109a79f29-0a260ec99e7ea1-40574133-100200-16a109a79f3301; CNZZDATA1261418685=1378169946-1555056033-%7C1555062495; PHPSESSID=jqv1n26d69em8cl728kn00e1t2',
  'upgrade-insecure-requests' => '1',
)
[ info ] [ PARAM ] array (
)
[ info ] [ SESSION ] INIT array (
  'id' => '',
  'var_session_id' => '',
  'prefix' => 'think',
  'type' => '',
  'auto_start' => true,
  'expire' => 0,
)
[ info ] [ RUN ] app\admin\controller\User->index[ D:\wamp\wwwroot\www\application\admin\controller\User.php ]
[ info ] [ DB ] INIT mysql
[ info ] [ VIEW ] D:\wamp\wwwroot\www/application/admin\view\User\index.html [ array (
  0 => 'sysset',
  1 => 'datalist',
) ]
[ info ] [ LOG ] INIT File
[ sql ] [ DB ] CONNECT:[ UseTime:0.010000s ] mysql:host=localhost;port=3306;dbname=cyx;charset=utf8
[ sql ] [ SQL ] show tables like 'cyx_user' [ RunTime:0.000000s ]
[ sql ] [ SQL ] SELECT column_name FROM information_schema.`columns` 
            WHERE table_name = 'user' AND column_name = 'createtime' [ RunTime:0.010000s ]
[ sql ] [ SQL ] SHOW COLUMNS FROM `cyx_user` [ RunTime:0.010000s ]
[ sql ] [ SQL ] SELECT COUNT(*) AS tp_count FROM `cyx_user` WHERE  `is_delete` = 0  AND `usertype_id` <> 'member' LIMIT 1 [ RunTime:0.000000s ]
[ sql ] [ SQL ] SELECT `id` FROM `cyx_user` WHERE  `is_delete` = 0  AND `usertype_id` <> 'member' ORDER BY `id` DESC LIMIT 0,20 [ RunTime:0.000000s ]
[ sql ] [ SQL ] SELECT * FROM `cyx_user` WHERE  `id` = 4 LIMIT 1 [ RunTime:0.000000s ]
[ sql ] [ SQL ] SHOW COLUMNS FROM `cyx_role_user` [ RunTime:0.000000s ]
[ sql ] [ SQL ] SHOW COLUMNS FROM `cyx_role` [ RunTime:0.010000s ]
[ sql ] [ SQL ] SELECT `cyx_role`.*,pivot.role_id AS pivot__role_id,pivot.user_id AS pivot__user_id,pivot.status AS pivot__status FROM `cyx_role` INNER JOIN `cyx_role_user` `pivot` ON `pivot`.`role_id`=`cyx_role`.`id` WHERE  `pivot`.`status` > '0'  AND `pivot`.`user_id` = 4 [ RunTime:0.000000s ]
[ sql ] [ SQL ] SELECT * FROM `cyx_user` WHERE  `id` = 3 LIMIT 1 [ RunTime:0.000000s ]
[ sql ] [ SQL ] SELECT `cyx_role`.*,pivot.role_id AS pivot__role_id,pivot.user_id AS pivot__user_id,pivot.status AS pivot__status FROM `cyx_role` INNER JOIN `cyx_role_user` `pivot` ON `pivot`.`role_id`=`cyx_role`.`id` WHERE  `pivot`.`status` > '0'  AND `pivot`.`user_id` = 3 [ RunTime:0.000000s ]
[ sql ] [ SQL ] SELECT * FROM `cyx_user` WHERE  `id` = 1 LIMIT 1 [ RunTime:0.000000s ]
[ sql ] [ SQL ] SELECT `cyx_role`.*,pivot.role_id AS pivot__role_id,pivot.user_id AS pivot__user_id,pivot.status AS pivot__status FROM `cyx_role` INNER JOIN `cyx_role_user` `pivot` ON `pivot`.`role_id`=`cyx_role`.`id` WHERE  `pivot`.`status` > '0'  AND `pivot`.`user_id` = 1 [ RunTime:0.000000s ]
[ error ] [2048]call_user_func_array() expects parameter 1 to be a valid callback, non-static method app\admin\controller\User::_generatetabledatahtml() should not be called statically, assuming $this from compatible context app\admin\controller\User[D:\wamp\wwwroot\www\application\admin\controller\Publictable.php:76]
[ error ] [2048]call_user_func_array() expects parameter 1 to be a valid callback, non-static method app\admin\controller\User::_generatetabledatahtml() should not be called statically, assuming $this from compatible context app\admin\controller\User[D:\wamp\wwwroot\www\application\admin\controller\Publictable.php:76]
[ error ] [2048]call_user_func_array() expects parameter 1 to be a valid callback, non-static method app\admin\controller\User::_generatetabledatahtml() should not be called statically, assuming $this from compatible context app\admin\controller\User[D:\wamp\wwwroot\www\application\admin\controller\Publictable.php:76]
[ error ] [8]未定义数组下标: 0[D:\wamp\wwwroot\www\application\admin\controller\User.php:30]
[ error ] [8]未定义变量: theFirst[D:\wamp\wwwroot\www\application\common\Ajaxpage.php:145]
[ error ] [8]未定义变量: prePage[D:\wamp\wwwroot\www\application\common\Ajaxpage.php:145]
[ error ] [8]未定义变量: nextPage[D:\wamp\wwwroot\www\application\common\Ajaxpage.php:145]
[ error ] [8]未定义变量: theEnd[D:\wamp\wwwroot\www\application\common\Ajaxpage.php:145]
---------------------------------------------------------------
[ 2019-04-19T09:05:30+08:00 ] 127.0.0.1 GET localhost/index.php/admin/User/index.html
[运行时间：0.150000s] [吞吐率：6.67req/s] [内存消耗：4,445.37kb] [文件加载：72]
[ info ] [ LANG ] D:\wamp\wwwroot\www\thinkphp\lang\zh-cn.php
[ info ] [ ROUTE ] array (
  'type' => 'module',
  'module' => 
  array (
    0 => 'admin',
    1 => 'User',
    2 => 'index',
  ),
)
[ info ] [ HEADER ] array (
  'host' => 'localhost',
  'user-agent' => 'Mozilla/5.0 (Windows NT 6.1; WOW64; rv:66.0) Gecko/20100101 Firefox/66.0',
  'accept' => 'text/html,application/xhtml+xml,application/xml;q=0.9,*/*;q=0.8',
  'accept-language' => 'zh-CN,zh;q=0.8,zh-TW;q=0.7,zh-HK;q=0.5,en-US;q=0.3,en;q=0.2',
  'accept-encoding' => 'gzip, deflate',
  'referer' => 'http://localhost/index.php/admin/user/insert',
  'connection' => 'keep-alive',
  'cookie' => 'pgv_pvi=7978113024; UM_distinctid=16a109a79f29-0a260ec99e7ea1-40574133-100200-16a109a79f3301; CNZZDATA1261418685=1378169946-1555056033-%7C1555062495; PHPSESSID=jqv1n26d69em8cl728kn00e1t2',
  'upgrade-insecure-requests' => '1',
  'cache-control' => 'max-age=0',
)
[ info ] [ PARAM ] array (
)
[ info ] [ SESSION ] INIT array (
  'id' => '',
  'var_session_id' => '',
  'prefix' => 'think',
  'type' => '',
  'auto_start' => true,
  'expire' => 0,
)
[ info ] [ RUN ] app\admin\controller\User->index[ D:\wamp\wwwroot\www\application\admin\controller\User.php ]
[ info ] [ DB ] INIT mysql
[ info ] [ VIEW ] D:\wamp\wwwroot\www/application/admin\view\User\index.html [ array (
  0 => 'sysset',
  1 => 'datalist',
) ]
[ info ] [ LOG ] INIT File
[ sql ] [ DB ] CONNECT:[ UseTime:0.020000s ] mysql:host=localhost;port=3306;dbname=cyx;charset=utf8
[ sql ] [ SQL ] show tables like 'cyx_user' [ RunTime:0.000000s ]
[ sql ] [ SQL ] SELECT column_name FROM information_schema.`columns` 
            WHERE table_name = 'user' AND column_name = 'createtime' [ RunTime:0.010000s ]
[ sql ] [ SQL ] SHOW COLUMNS FROM `cyx_user` [ RunTime:0.000000s ]
[ sql ] [ SQL ] SELECT COUNT(*) AS tp_count FROM `cyx_user` WHERE  `is_delete` = 0  AND `usertype_id` <> 'member' LIMIT 1 [ RunTime:0.000000s ]
[ sql ] [ SQL ] SELECT `id` FROM `cyx_user` WHERE  `is_delete` = 0  AND `usertype_id` <> 'member' ORDER BY `id` DESC LIMIT 0,20 [ RunTime:0.000000s ]
[ sql ] [ SQL ] SELECT * FROM `cyx_user` WHERE  `id` = 4 LIMIT 1 [ RunTime:0.000000s ]
[ sql ] [ SQL ] SHOW COLUMNS FROM `cyx_role_user` [ RunTime:0.000000s ]
[ sql ] [ SQL ] SHOW COLUMNS FROM `cyx_role` [ RunTime:0.010000s ]
[ sql ] [ SQL ] SELECT `cyx_role`.*,pivot.role_id AS pivot__role_id,pivot.user_id AS pivot__user_id,pivot.status AS pivot__status FROM `cyx_role` INNER JOIN `cyx_role_user` `pivot` ON `pivot`.`role_id`=`cyx_role`.`id` WHERE  `pivot`.`status` > '0'  AND `pivot`.`user_id` = 4 [ RunTime:0.010000s ]
[ sql ] [ SQL ] SELECT * FROM `cyx_user` WHERE  `id` = 3 LIMIT 1 [ RunTime:0.000000s ]
[ sql ] [ SQL ] SELECT `cyx_role`.*,pivot.role_id AS pivot__role_id,pivot.user_id AS pivot__user_id,pivot.status AS pivot__status FROM `cyx_role` INNER JOIN `cyx_role_user` `pivot` ON `pivot`.`role_id`=`cyx_role`.`id` WHERE  `pivot`.`status` > '0'  AND `pivot`.`user_id` = 3 [ RunTime:0.000000s ]
[ sql ] [ SQL ] SELECT * FROM `cyx_user` WHERE  `id` = 1 LIMIT 1 [ RunTime:0.000000s ]
[ sql ] [ SQL ] SELECT `cyx_role`.*,pivot.role_id AS pivot__role_id,pivot.user_id AS pivot__user_id,pivot.status AS pivot__status FROM `cyx_role` INNER JOIN `cyx_role_user` `pivot` ON `pivot`.`role_id`=`cyx_role`.`id` WHERE  `pivot`.`status` > '0'  AND `pivot`.`user_id` = 1 [ RunTime:0.000000s ]
[ error ] [2048]call_user_func_array() expects parameter 1 to be a valid callback, non-static method app\admin\controller\User::_generatetabledatahtml() should not be called statically, assuming $this from compatible context app\admin\controller\User[D:\wamp\wwwroot\www\application\admin\controller\Publictable.php:76]
[ error ] [2048]call_user_func_array() expects parameter 1 to be a valid callback, non-static method app\admin\controller\User::_generatetabledatahtml() should not be called statically, assuming $this from compatible context app\admin\controller\User[D:\wamp\wwwroot\www\application\admin\controller\Publictable.php:76]
[ error ] [2048]call_user_func_array() expects parameter 1 to be a valid callback, non-static method app\admin\controller\User::_generatetabledatahtml() should not be called statically, assuming $this from compatible context app\admin\controller\User[D:\wamp\wwwroot\www\application\admin\controller\Publictable.php:76]
[ error ] [8]未定义数组下标: 0[D:\wamp\wwwroot\www\application\admin\controller\User.php:30]
[ error ] [8]未定义变量: theFirst[D:\wamp\wwwroot\www\application\common\Ajaxpage.php:145]
[ error ] [8]未定义变量: prePage[D:\wamp\wwwroot\www\application\common\Ajaxpage.php:145]
[ error ] [8]未定义变量: nextPage[D:\wamp\wwwroot\www\application\common\Ajaxpage.php:145]
[ error ] [8]未定义变量: theEnd[D:\wamp\wwwroot\www\application\common\Ajaxpage.php:145]
---------------------------------------------------------------
[ 2019-04-19T09:07:37+08:00 ] 127.0.0.1 GET localhost/index.php/admin/User/index.html
[运行时间：0.150000s] [吞吐率：6.67req/s] [内存消耗：4,445.41kb] [文件加载：72]
[ info ] [ LANG ] D:\wamp\wwwroot\www\thinkphp\lang\zh-cn.php
[ info ] [ ROUTE ] array (
  'type' => 'module',
  'module' => 
  array (
    0 => 'admin',
    1 => 'User',
    2 => 'index',
  ),
)
[ info ] [ HEADER ] array (
  'host' => 'localhost',
  'user-agent' => 'Mozilla/5.0 (Windows NT 6.1; WOW64; rv:66.0) Gecko/20100101 Firefox/66.0',
  'accept' => 'text/html,application/xhtml+xml,application/xml;q=0.9,*/*;q=0.8',
  'accept-language' => 'zh-CN,zh;q=0.8,zh-TW;q=0.7,zh-HK;q=0.5,en-US;q=0.3,en;q=0.2',
  'accept-encoding' => 'gzip, deflate',
  'referer' => 'http://localhost/index.php/admin/user/insert',
  'connection' => 'keep-alive',
  'cookie' => 'pgv_pvi=7978113024; UM_distinctid=16a109a79f29-0a260ec99e7ea1-40574133-100200-16a109a79f3301; CNZZDATA1261418685=1378169946-1555056033-%7C1555062495; PHPSESSID=jqv1n26d69em8cl728kn00e1t2',
  'upgrade-insecure-requests' => '1',
  'cache-control' => 'max-age=0',
)
[ info ] [ PARAM ] array (
)
[ info ] [ SESSION ] INIT array (
  'id' => '',
  'var_session_id' => '',
  'prefix' => 'think',
  'type' => '',
  'auto_start' => true,
  'expire' => 0,
)
[ info ] [ RUN ] app\admin\controller\User->index[ D:\wamp\wwwroot\www\application\admin\controller\User.php ]
[ info ] [ DB ] INIT mysql
[ info ] [ VIEW ] D:\wamp\wwwroot\www/application/admin\view\User\index.html [ array (
  0 => 'sysset',
  1 => 'datalist',
) ]
[ info ] [ LOG ] INIT File
[ sql ] [ DB ] CONNECT:[ UseTime:0.000000s ] mysql:host=localhost;port=3306;dbname=cyx;charset=utf8
[ sql ] [ SQL ] show tables like 'cyx_user' [ RunTime:0.000000s ]
[ sql ] [ SQL ] SELECT column_name FROM information_schema.`columns` 
            WHERE table_name = 'user' AND column_name = 'createtime' [ RunTime:0.010000s ]
[ sql ] [ SQL ] SHOW COLUMNS FROM `cyx_user` [ RunTime:0.010000s ]
[ sql ] [ SQL ] SELECT COUNT(*) AS tp_count FROM `cyx_user` WHERE  `is_delete` = 0  AND `usertype_id` <> 'member' LIMIT 1 [ RunTime:0.000000s ]
[ sql ] [ SQL ] SELECT `id` FROM `cyx_user` WHERE  `is_delete` = 0  AND `usertype_id` <> 'member' ORDER BY `id` DESC LIMIT 0,20 [ RunTime:0.000000s ]
[ sql ] [ SQL ] SELECT * FROM `cyx_user` WHERE  `id` = 4 LIMIT 1 [ RunTime:0.000000s ]
[ sql ] [ SQL ] SHOW COLUMNS FROM `cyx_role_user` [ RunTime:0.010000s ]
[ sql ] [ SQL ] SHOW COLUMNS FROM `cyx_role` [ RunTime:0.000000s ]
[ sql ] [ SQL ] SELECT `cyx_role`.*,pivot.role_id AS pivot__role_id,pivot.user_id AS pivot__user_id,pivot.status AS pivot__status FROM `cyx_role` INNER JOIN `cyx_role_user` `pivot` ON `pivot`.`role_id`=`cyx_role`.`id` WHERE  `pivot`.`status` > '0'  AND `pivot`.`user_id` = 4 [ RunTime:0.000000s ]
[ sql ] [ SQL ] SELECT * FROM `cyx_user` WHERE  `id` = 3 LIMIT 1 [ RunTime:0.000000s ]
[ sql ] [ SQL ] SELECT `cyx_role`.*,pivot.role_id AS pivot__role_id,pivot.user_id AS pivot__user_id,pivot.status AS pivot__status FROM `cyx_role` INNER JOIN `cyx_role_user` `pivot` ON `pivot`.`role_id`=`cyx_role`.`id` WHERE  `pivot`.`status` > '0'  AND `pivot`.`user_id` = 3 [ RunTime:0.000000s ]
[ sql ] [ SQL ] SELECT * FROM `cyx_user` WHERE  `id` = 1 LIMIT 1 [ RunTime:0.000000s ]
[ sql ] [ SQL ] SELECT `cyx_role`.*,pivot.role_id AS pivot__role_id,pivot.user_id AS pivot__user_id,pivot.status AS pivot__status FROM `cyx_role` INNER JOIN `cyx_role_user` `pivot` ON `pivot`.`role_id`=`cyx_role`.`id` WHERE  `pivot`.`status` > '0'  AND `pivot`.`user_id` = 1 [ RunTime:0.000000s ]
[ error ] [2048]call_user_func_array() expects parameter 1 to be a valid callback, non-static method app\admin\controller\User::_generatetabledatahtml() should not be called statically, assuming $this from compatible context app\admin\controller\User[D:\wamp\wwwroot\www\application\admin\controller\Publictable.php:76]
[ error ] [2048]call_user_func_array() expects parameter 1 to be a valid callback, non-static method app\admin\controller\User::_generatetabledatahtml() should not be called statically, assuming $this from compatible context app\admin\controller\User[D:\wamp\wwwroot\www\application\admin\controller\Publictable.php:76]
[ error ] [2048]call_user_func_array() expects parameter 1 to be a valid callback, non-static method app\admin\controller\User::_generatetabledatahtml() should not be called statically, assuming $this from compatible context app\admin\controller\User[D:\wamp\wwwroot\www\application\admin\controller\Publictable.php:76]
[ error ] [8]未定义数组下标: 0[D:\wamp\wwwroot\www\application\admin\controller\User.php:30]
[ error ] [8]未定义变量: theFirst[D:\wamp\wwwroot\www\application\common\Ajaxpage.php:145]
[ error ] [8]未定义变量: prePage[D:\wamp\wwwroot\www\application\common\Ajaxpage.php:145]
[ error ] [8]未定义变量: nextPage[D:\wamp\wwwroot\www\application\common\Ajaxpage.php:145]
[ error ] [8]未定义变量: theEnd[D:\wamp\wwwroot\www\application\common\Ajaxpage.php:145]
---------------------------------------------------------------
[ 2019-04-19T09:08:27+08:00 ] 127.0.0.1 GET localhost/index.php/admin/User/index.html
[运行时间：0.130000s] [吞吐率：7.69req/s] [内存消耗：4,445.44kb] [文件加载：72]
[ info ] [ LANG ] D:\wamp\wwwroot\www\thinkphp\lang\zh-cn.php
[ info ] [ ROUTE ] array (
  'type' => 'module',
  'module' => 
  array (
    0 => 'admin',
    1 => 'User',
    2 => 'index',
  ),
)
[ info ] [ HEADER ] array (
  'host' => 'localhost',
  'user-agent' => 'Mozilla/5.0 (Windows NT 6.1; WOW64; rv:66.0) Gecko/20100101 Firefox/66.0',
  'accept' => 'text/html,application/xhtml+xml,application/xml;q=0.9,*/*;q=0.8',
  'accept-language' => 'zh-CN,zh;q=0.8,zh-TW;q=0.7,zh-HK;q=0.5,en-US;q=0.3,en;q=0.2',
  'accept-encoding' => 'gzip, deflate',
  'referer' => 'http://localhost/index.php/admin/user/insert',
  'connection' => 'keep-alive',
  'cookie' => 'pgv_pvi=7978113024; UM_distinctid=16a109a79f29-0a260ec99e7ea1-40574133-100200-16a109a79f3301; CNZZDATA1261418685=1378169946-1555056033-%7C1555062495; PHPSESSID=jqv1n26d69em8cl728kn00e1t2',
  'upgrade-insecure-requests' => '1',
  'cache-control' => 'max-age=0',
)
[ info ] [ PARAM ] array (
)
[ info ] [ SESSION ] INIT array (
  'id' => '',
  'var_session_id' => '',
  'prefix' => 'think',
  'type' => '',
  'auto_start' => true,
  'expire' => 0,
)
[ info ] [ RUN ] app\admin\controller\User->index[ D:\wamp\wwwroot\www\application\admin\controller\User.php ]
[ info ] [ DB ] INIT mysql
[ info ] [ VIEW ] D:\wamp\wwwroot\www/application/admin\view\User\index.html [ array (
  0 => 'sysset',
  1 => 'datalist',
) ]
[ info ] [ LOG ] INIT File
[ sql ] [ DB ] CONNECT:[ UseTime:0.010000s ] mysql:host=localhost;port=3306;dbname=cyx;charset=utf8
[ sql ] [ SQL ] show tables like 'cyx_user' [ RunTime:0.000000s ]
[ sql ] [ SQL ] SELECT column_name FROM information_schema.`columns` 
            WHERE table_name = 'user' AND column_name = 'createtime' [ RunTime:0.010000s ]
[ sql ] [ SQL ] SHOW COLUMNS FROM `cyx_user` [ RunTime:0.000000s ]
[ sql ] [ SQL ] SELECT COUNT(*) AS tp_count FROM `cyx_user` WHERE  `is_delete` = 0  AND `usertype_id` <> 'member' LIMIT 1 [ RunTime:0.000000s ]
[ sql ] [ SQL ] SELECT `id` FROM `cyx_user` WHERE  `is_delete` = 0  AND `usertype_id` <> 'member' ORDER BY `id` DESC LIMIT 0,20 [ RunTime:0.000000s ]
[ sql ] [ SQL ] SELECT * FROM `cyx_user` WHERE  `id` = 4 LIMIT 1 [ RunTime:0.000000s ]
[ sql ] [ SQL ] SHOW COLUMNS FROM `cyx_role_user` [ RunTime:0.010000s ]
[ sql ] [ SQL ] SHOW COLUMNS FROM `cyx_role` [ RunTime:0.010000s ]
[ sql ] [ SQL ] SELECT `cyx_role`.*,pivot.role_id AS pivot__role_id,pivot.user_id AS pivot__user_id,pivot.status AS pivot__status FROM `cyx_role` INNER JOIN `cyx_role_user` `pivot` ON `pivot`.`role_id`=`cyx_role`.`id` WHERE  `pivot`.`status` > '0'  AND `pivot`.`user_id` = 4 [ RunTime:0.000000s ]
[ sql ] [ SQL ] SELECT * FROM `cyx_user` WHERE  `id` = 3 LIMIT 1 [ RunTime:0.000000s ]
[ sql ] [ SQL ] SELECT `cyx_role`.*,pivot.role_id AS pivot__role_id,pivot.user_id AS pivot__user_id,pivot.status AS pivot__status FROM `cyx_role` INNER JOIN `cyx_role_user` `pivot` ON `pivot`.`role_id`=`cyx_role`.`id` WHERE  `pivot`.`status` > '0'  AND `pivot`.`user_id` = 3 [ RunTime:0.000000s ]
[ sql ] [ SQL ] SELECT * FROM `cyx_user` WHERE  `id` = 1 LIMIT 1 [ RunTime:0.000000s ]
[ sql ] [ SQL ] SELECT `cyx_role`.*,pivot.role_id AS pivot__role_id,pivot.user_id AS pivot__user_id,pivot.status AS pivot__status FROM `cyx_role` INNER JOIN `cyx_role_user` `pivot` ON `pivot`.`role_id`=`cyx_role`.`id` WHERE  `pivot`.`status` > '0'  AND `pivot`.`user_id` = 1 [ RunTime:0.000000s ]
[ error ] [2048]call_user_func_array() expects parameter 1 to be a valid callback, non-static method app\admin\controller\User::_generatetabledatahtml() should not be called statically, assuming $this from compatible context app\admin\controller\User[D:\wamp\wwwroot\www\application\admin\controller\Publictable.php:76]
[ error ] [2048]call_user_func_array() expects parameter 1 to be a valid callback, non-static method app\admin\controller\User::_generatetabledatahtml() should not be called statically, assuming $this from compatible context app\admin\controller\User[D:\wamp\wwwroot\www\application\admin\controller\Publictable.php:76]
[ error ] [2048]call_user_func_array() expects parameter 1 to be a valid callback, non-static method app\admin\controller\User::_generatetabledatahtml() should not be called statically, assuming $this from compatible context app\admin\controller\User[D:\wamp\wwwroot\www\application\admin\controller\Publictable.php:76]
[ error ] [8]未定义数组下标: 0[D:\wamp\wwwroot\www\application\admin\controller\User.php:30]
[ error ] [8]未定义变量: theFirst[D:\wamp\wwwroot\www\application\common\Ajaxpage.php:145]
[ error ] [8]未定义变量: prePage[D:\wamp\wwwroot\www\application\common\Ajaxpage.php:145]
[ error ] [8]未定义变量: nextPage[D:\wamp\wwwroot\www\application\common\Ajaxpage.php:145]
[ error ] [8]未定义变量: theEnd[D:\wamp\wwwroot\www\application\common\Ajaxpage.php:145]
---------------------------------------------------------------
[ 2019-04-19T09:09:03+08:00 ] 127.0.0.1 GET localhost/index.php/admin/User/index.html
[运行时间：0.140000s] [吞吐率：7.14req/s] [内存消耗：4,445.54kb] [文件加载：72]
[ info ] [ LANG ] D:\wamp\wwwroot\www\thinkphp\lang\zh-cn.php
[ info ] [ ROUTE ] array (
  'type' => 'module',
  'module' => 
  array (
    0 => 'admin',
    1 => 'User',
    2 => 'index',
  ),
)
[ info ] [ HEADER ] array (
  'host' => 'localhost',
  'user-agent' => 'Mozilla/5.0 (Windows NT 6.1; WOW64; rv:66.0) Gecko/20100101 Firefox/66.0',
  'accept' => 'text/html,application/xhtml+xml,application/xml;q=0.9,*/*;q=0.8',
  'accept-language' => 'zh-CN,zh;q=0.8,zh-TW;q=0.7,zh-HK;q=0.5,en-US;q=0.3,en;q=0.2',
  'accept-encoding' => 'gzip, deflate',
  'referer' => 'http://localhost/index.php/admin/user/insert',
  'connection' => 'keep-alive',
  'cookie' => 'pgv_pvi=7978113024; UM_distinctid=16a109a79f29-0a260ec99e7ea1-40574133-100200-16a109a79f3301; CNZZDATA1261418685=1378169946-1555056033-%7C1555062495; PHPSESSID=jqv1n26d69em8cl728kn00e1t2',
  'upgrade-insecure-requests' => '1',
  'cache-control' => 'max-age=0',
)
[ info ] [ PARAM ] array (
)
[ info ] [ SESSION ] INIT array (
  'id' => '',
  'var_session_id' => '',
  'prefix' => 'think',
  'type' => '',
  'auto_start' => true,
  'expire' => 0,
)
[ info ] [ RUN ] app\admin\controller\User->index[ D:\wamp\wwwroot\www\application\admin\controller\User.php ]
[ info ] [ DB ] INIT mysql
[ info ] [ VIEW ] D:\wamp\wwwroot\www/application/admin\view\User\index.html [ array (
  0 => 'sysset',
  1 => 'datalist',
) ]
[ info ] [ LOG ] INIT File
[ sql ] [ DB ] CONNECT:[ UseTime:0.010000s ] mysql:host=localhost;port=3306;dbname=cyx;charset=utf8
[ sql ] [ SQL ] show tables like 'cyx_user' [ RunTime:0.000000s ]
[ sql ] [ SQL ] SELECT column_name FROM information_schema.`columns` 
            WHERE table_name = 'user' AND column_name = 'createtime' [ RunTime:0.010000s ]
[ sql ] [ SQL ] SHOW COLUMNS FROM `cyx_user` [ RunTime:0.000000s ]
[ sql ] [ SQL ] SELECT COUNT(*) AS tp_count FROM `cyx_user` WHERE  `is_delete` = 0  AND `usertype_id` <> 'member' LIMIT 1 [ RunTime:0.000000s ]
[ sql ] [ SQL ] SELECT `id` FROM `cyx_user` WHERE  `is_delete` = 0  AND `usertype_id` <> 'member' ORDER BY `id` DESC LIMIT 0,20 [ RunTime:0.000000s ]
[ sql ] [ SQL ] SELECT * FROM `cyx_user` WHERE  `id` = 4 LIMIT 1 [ RunTime:0.000000s ]
[ sql ] [ SQL ] SHOW COLUMNS FROM `cyx_role_user` [ RunTime:0.000000s ]
[ sql ] [ SQL ] SHOW COLUMNS FROM `cyx_role` [ RunTime:0.010000s ]
[ sql ] [ SQL ] SELECT `cyx_role`.*,pivot.role_id AS pivot__role_id,pivot.user_id AS pivot__user_id,pivot.status AS pivot__status FROM `cyx_role` INNER JOIN `cyx_role_user` `pivot` ON `pivot`.`role_id`=`cyx_role`.`id` WHERE  `pivot`.`status` > '0'  AND `pivot`.`user_id` = 4 [ RunTime:0.000000s ]
[ sql ] [ SQL ] SELECT * FROM `cyx_user` WHERE  `id` = 3 LIMIT 1 [ RunTime:0.000000s ]
[ sql ] [ SQL ] SELECT `cyx_role`.*,pivot.role_id AS pivot__role_id,pivot.user_id AS pivot__user_id,pivot.status AS pivot__status FROM `cyx_role` INNER JOIN `cyx_role_user` `pivot` ON `pivot`.`role_id`=`cyx_role`.`id` WHERE  `pivot`.`status` > '0'  AND `pivot`.`user_id` = 3 [ RunTime:0.000000s ]
[ sql ] [ SQL ] SELECT * FROM `cyx_user` WHERE  `id` = 1 LIMIT 1 [ RunTime:0.000000s ]
[ sql ] [ SQL ] SELECT `cyx_role`.*,pivot.role_id AS pivot__role_id,pivot.user_id AS pivot__user_id,pivot.status AS pivot__status FROM `cyx_role` INNER JOIN `cyx_role_user` `pivot` ON `pivot`.`role_id`=`cyx_role`.`id` WHERE  `pivot`.`status` > '0'  AND `pivot`.`user_id` = 1 [ RunTime:0.000000s ]
[ error ] [2048]call_user_func_array() expects parameter 1 to be a valid callback, non-static method app\admin\controller\User::_generatetabledatahtml() should not be called statically, assuming $this from compatible context app\admin\controller\User[D:\wamp\wwwroot\www\application\admin\controller\Publictable.php:76]
[ error ] [2048]call_user_func_array() expects parameter 1 to be a valid callback, non-static method app\admin\controller\User::_generatetabledatahtml() should not be called statically, assuming $this from compatible context app\admin\controller\User[D:\wamp\wwwroot\www\application\admin\controller\Publictable.php:76]
[ error ] [2048]call_user_func_array() expects parameter 1 to be a valid callback, non-static method app\admin\controller\User::_generatetabledatahtml() should not be called statically, assuming $this from compatible context app\admin\controller\User[D:\wamp\wwwroot\www\application\admin\controller\Publictable.php:76]
[ error ] [8]未定义数组下标: 0[D:\wamp\wwwroot\www\application\admin\controller\User.php:30]
[ error ] [8]未定义变量: theFirst[D:\wamp\wwwroot\www\application\common\Ajaxpage.php:145]
[ error ] [8]未定义变量: prePage[D:\wamp\wwwroot\www\application\common\Ajaxpage.php:145]
[ error ] [8]未定义变量: nextPage[D:\wamp\wwwroot\www\application\common\Ajaxpage.php:145]
[ error ] [8]未定义变量: theEnd[D:\wamp\wwwroot\www\application\common\Ajaxpage.php:145]
---------------------------------------------------------------
[ 2019-04-19T09:10:51+08:00 ] 127.0.0.1 GET localhost/index.php/admin/User/index.html
[运行时间：0.150000s] [吞吐率：6.67req/s] [内存消耗：4,445.59kb] [文件加载：72]
[ info ] [ LANG ] D:\wamp\wwwroot\www\thinkphp\lang\zh-cn.php
[ info ] [ ROUTE ] array (
  'type' => 'module',
  'module' => 
  array (
    0 => 'admin',
    1 => 'User',
    2 => 'index',
  ),
)
[ info ] [ HEADER ] array (
  'host' => 'localhost',
  'user-agent' => 'Mozilla/5.0 (Windows NT 6.1; WOW64; rv:66.0) Gecko/20100101 Firefox/66.0',
  'accept' => 'text/html,application/xhtml+xml,application/xml;q=0.9,*/*;q=0.8',
  'accept-language' => 'zh-CN,zh;q=0.8,zh-TW;q=0.7,zh-HK;q=0.5,en-US;q=0.3,en;q=0.2',
  'accept-encoding' => 'gzip, deflate',
  'referer' => 'http://localhost/index.php/admin/user/insert',
  'connection' => 'keep-alive',
  'cookie' => 'pgv_pvi=7978113024; UM_distinctid=16a109a79f29-0a260ec99e7ea1-40574133-100200-16a109a79f3301; CNZZDATA1261418685=1378169946-1555056033-%7C1555062495; PHPSESSID=jqv1n26d69em8cl728kn00e1t2',
  'upgrade-insecure-requests' => '1',
  'cache-control' => 'max-age=0',
)
[ info ] [ PARAM ] array (
)
[ info ] [ SESSION ] INIT array (
  'id' => '',
  'var_session_id' => '',
  'prefix' => 'think',
  'type' => '',
  'auto_start' => true,
  'expire' => 0,
)
[ info ] [ RUN ] app\admin\controller\User->index[ D:\wamp\wwwroot\www\application\admin\controller\User.php ]
[ info ] [ DB ] INIT mysql
[ info ] [ VIEW ] D:\wamp\wwwroot\www/application/admin\view\User\index.html [ array (
  0 => 'sysset',
  1 => 'datalist',
) ]
[ info ] [ LOG ] INIT File
[ sql ] [ DB ] CONNECT:[ UseTime:0.000000s ] mysql:host=localhost;port=3306;dbname=cyx;charset=utf8
[ sql ] [ SQL ] show tables like 'cyx_user' [ RunTime:0.000000s ]
[ sql ] [ SQL ] SELECT column_name FROM information_schema.`columns` 
            WHERE table_name = 'user' AND column_name = 'createtime' [ RunTime:0.010000s ]
[ sql ] [ SQL ] SHOW COLUMNS FROM `cyx_user` [ RunTime:0.010000s ]
[ sql ] [ SQL ] SELECT COUNT(*) AS tp_count FROM `cyx_user` WHERE  `is_delete` = 0  AND `usertype_id` <> 'member' LIMIT 1 [ RunTime:0.000000s ]
[ sql ] [ SQL ] SELECT `id` FROM `cyx_user` WHERE  `is_delete` = 0  AND `usertype_id` <> 'member' ORDER BY `id` DESC LIMIT 0,20 [ RunTime:0.000000s ]
[ sql ] [ SQL ] SELECT * FROM `cyx_user` WHERE  `id` = 4 LIMIT 1 [ RunTime:0.000000s ]
[ sql ] [ SQL ] SHOW COLUMNS FROM `cyx_role_user` [ RunTime:0.010000s ]
[ sql ] [ SQL ] SHOW COLUMNS FROM `cyx_role` [ RunTime:0.010000s ]
[ sql ] [ SQL ] SELECT `cyx_role`.*,pivot.role_id AS pivot__role_id,pivot.user_id AS pivot__user_id,pivot.status AS pivot__status FROM `cyx_role` INNER JOIN `cyx_role_user` `pivot` ON `pivot`.`role_id`=`cyx_role`.`id` WHERE  `pivot`.`status` > '0'  AND `pivot`.`user_id` = 4 [ RunTime:0.000000s ]
[ sql ] [ SQL ] SELECT * FROM `cyx_user` WHERE  `id` = 3 LIMIT 1 [ RunTime:0.000000s ]
[ sql ] [ SQL ] SELECT `cyx_role`.*,pivot.role_id AS pivot__role_id,pivot.user_id AS pivot__user_id,pivot.status AS pivot__status FROM `cyx_role` INNER JOIN `cyx_role_user` `pivot` ON `pivot`.`role_id`=`cyx_role`.`id` WHERE  `pivot`.`status` > '0'  AND `pivot`.`user_id` = 3 [ RunTime:0.000000s ]
[ sql ] [ SQL ] SELECT * FROM `cyx_user` WHERE  `id` = 1 LIMIT 1 [ RunTime:0.000000s ]
[ sql ] [ SQL ] SELECT `cyx_role`.*,pivot.role_id AS pivot__role_id,pivot.user_id AS pivot__user_id,pivot.status AS pivot__status FROM `cyx_role` INNER JOIN `cyx_role_user` `pivot` ON `pivot`.`role_id`=`cyx_role`.`id` WHERE  `pivot`.`status` > '0'  AND `pivot`.`user_id` = 1 [ RunTime:0.000000s ]
[ error ] [2048]call_user_func_array() expects parameter 1 to be a valid callback, non-static method app\admin\controller\User::_generatetabledatahtml() should not be called statically, assuming $this from compatible context app\admin\controller\User[D:\wamp\wwwroot\www\application\admin\controller\Publictable.php:76]
[ error ] [2048]call_user_func_array() expects parameter 1 to be a valid callback, non-static method app\admin\controller\User::_generatetabledatahtml() should not be called statically, assuming $this from compatible context app\admin\controller\User[D:\wamp\wwwroot\www\application\admin\controller\Publictable.php:76]
[ error ] [2048]call_user_func_array() expects parameter 1 to be a valid callback, non-static method app\admin\controller\User::_generatetabledatahtml() should not be called statically, assuming $this from compatible context app\admin\controller\User[D:\wamp\wwwroot\www\application\admin\controller\Publictable.php:76]
[ error ] [8]未定义数组下标: 0[D:\wamp\wwwroot\www\application\admin\controller\User.php:30]
[ error ] [8]未定义变量: theFirst[D:\wamp\wwwroot\www\application\common\Ajaxpage.php:145]
[ error ] [8]未定义变量: prePage[D:\wamp\wwwroot\www\application\common\Ajaxpage.php:145]
[ error ] [8]未定义变量: nextPage[D:\wamp\wwwroot\www\application\common\Ajaxpage.php:145]
[ error ] [8]未定义变量: theEnd[D:\wamp\wwwroot\www\application\common\Ajaxpage.php:145]
---------------------------------------------------------------
[ 2019-04-19T09:11:03+08:00 ] 127.0.0.1 POST localhost/index.php/admin/user/multidelete
[运行时间：0.130000s] [吞吐率：7.69req/s] [内存消耗：3,554.72kb] [文件加载：61]
[ info ] [ LANG ] D:\wamp\wwwroot\www\thinkphp\lang\zh-cn.php
[ info ] [ ROUTE ] array (
  'type' => 'module',
  'module' => 
  array (
    0 => 'admin',
    1 => 'user',
    2 => 'multidelete',
  ),
)
[ info ] [ HEADER ] array (
  'host' => 'localhost',
  'user-agent' => 'Mozilla/5.0 (Windows NT 6.1; WOW64; rv:66.0) Gecko/20100101 Firefox/66.0',
  'accept' => 'application/json, text/javascript, */*; q=0.01',
  'accept-language' => 'zh-CN,zh;q=0.8,zh-TW;q=0.7,zh-HK;q=0.5,en-US;q=0.3,en;q=0.2',
  'accept-encoding' => 'gzip, deflate',
  'referer' => 'http://localhost/index.php/admin/User/index.html',
  'content-type' => 'application/x-www-form-urlencoded; charset=UTF-8',
  'x-requested-with' => 'XMLHttpRequest',
  'content-length' => '23',
  'connection' => 'keep-alive',
  'cookie' => 'pgv_pvi=7978113024; UM_distinctid=16a109a79f29-0a260ec99e7ea1-40574133-100200-16a109a79f3301; CNZZDATA1261418685=1378169946-1555056033-%7C1555062495; PHPSESSID=jqv1n26d69em8cl728kn00e1t2',
)
[ info ] [ PARAM ] array (
  'ids' => 
  array (
    0 => '4',
    1 => '3',
  ),
)
[ info ] [ SESSION ] INIT array (
  'id' => '',
  'var_session_id' => '',
  'prefix' => 'think',
  'type' => '',
  'auto_start' => true,
  'expire' => 0,
)
[ info ] [ RUN ] app\admin\controller\Publicaction->multidelete[ D:\wamp\wwwroot\www\application\admin\controller\Publicaction.php ]
[ info ] [ DB ] INIT mysql
[ info ] [ CACHE ] INIT File
[ info ] [ LOG ] INIT File
[ sql ] [ DB ] CONNECT:[ UseTime:0.000000s ] mysql:host=localhost;port=3306;dbname=cyx;charset=utf8
[ sql ] [ SQL ] SHOW COLUMNS FROM `cyx_dboperationhistory` [ RunTime:0.010000s ]
[ sql ] [ SQL ] SELECT MAX(tableversion) AS tp_max FROM `cyx_dboperationhistory` WHERE  `tablename` = 'user'  AND `tableprimarykey` = 'a:2:{i:0;s:1:\"4\";i:1;s:1:\"3\";}' LIMIT 1 [ RunTime:0.000000s ]
[ sql ] [ SQL ] SHOW COLUMNS FROM `cyx_user` [ RunTime:0.000000s ]
[ sql ] [ SQL ] UPDATE `cyx_user`  SET `is_delete`=1,`updateuser_id`=1,`updatetime`=1555636262  WHERE  `id` = 4 [ RunTime:0.020000s ]
[ sql ] [ SQL ] UPDATE `cyx_user`  SET `is_delete`=1,`updateuser_id`=1,`updatetime`=1555636262  WHERE  `id` = 3 [ RunTime:0.010000s ]
[ sql ] [ SQL ] INSERT INTO `cyx_dboperationhistory` (`tablename` , `controllername` , `tableversion` , `tableprimarykey` , `operationtype` , `operation` , `operatetime` , `user_id` , `company_id`) VALUES ('user' , '用户管理' , 1 , 'a:2:{i:0;s:1:\"4\";i:1;s:1:\"3\";}' , '多个删除数据' , 'a:2:{i:0;a:1:{s:4:\"user\";a:3:{s:7:\"operate\";s:6:\"update\";s:4:\"data\";a:3:{s:9:\"is_delete\";i:1;s:13:\"updateuser_id\";i:1;s:10:\"updatetime\";i:1555636262;}s:3:\"map\";a:1:{s:2:\"id\";s:1:\"4\";}}}i:1;a:1:{s:4:\"user\";a:3:{s:7:\"operate\";s:6:\"update\";s:4:\"data\";a:3:{s:9:\"is_delete\";i:1;s:13:\"updateuser_id\";i:1;s:10:\"updatetime\";i:1555636262;}s:3:\"map\";a:1:{s:2:\"id\";s:1:\"3\";}}}}' , 1555636262 , '1' , NULL) [ RunTime:0.000000s ]
---------------------------------------------------------------
[ 2019-04-19T09:11:04+08:00 ] 127.0.0.1 GET localhost/index.php/admin/user/index
[运行时间：0.130000s] [吞吐率：7.69req/s] [内存消耗：4,238.52kb] [文件加载：70]
[ info ] [ LANG ] D:\wamp\wwwroot\www\thinkphp\lang\zh-cn.php
[ info ] [ ROUTE ] array (
  'type' => 'module',
  'module' => 
  array (
    0 => 'admin',
    1 => 'user',
    2 => 'index',
  ),
)
[ info ] [ HEADER ] array (
  'host' => 'localhost',
  'user-agent' => 'Mozilla/5.0 (Windows NT 6.1; WOW64; rv:66.0) Gecko/20100101 Firefox/66.0',
  'accept' => 'text/html,application/xhtml+xml,application/xml;q=0.9,*/*;q=0.8',
  'accept-language' => 'zh-CN,zh;q=0.8,zh-TW;q=0.7,zh-HK;q=0.5,en-US;q=0.3,en;q=0.2',
  'accept-encoding' => 'gzip, deflate',
  'referer' => 'http://localhost/index.php/admin/User/index.html',
  'connection' => 'keep-alive',
  'cookie' => 'pgv_pvi=7978113024; UM_distinctid=16a109a79f29-0a260ec99e7ea1-40574133-100200-16a109a79f3301; CNZZDATA1261418685=1378169946-1555056033-%7C1555062495; PHPSESSID=jqv1n26d69em8cl728kn00e1t2',
  'upgrade-insecure-requests' => '1',
)
[ info ] [ PARAM ] array (
)
[ info ] [ SESSION ] INIT array (
  'id' => '',
  'var_session_id' => '',
  'prefix' => 'think',
  'type' => '',
  'auto_start' => true,
  'expire' => 0,
)
[ info ] [ RUN ] app\admin\controller\User->index[ D:\wamp\wwwroot\www\application\admin\controller\User.php ]
[ info ] [ DB ] INIT mysql
[ info ] [ VIEW ] D:\wamp\wwwroot\www/application/admin\view\User\index.html [ array (
  0 => 'sysset',
  1 => 'datalist',
) ]
[ info ] [ LOG ] INIT File
[ sql ] [ DB ] CONNECT:[ UseTime:0.000000s ] mysql:host=localhost;port=3306;dbname=cyx;charset=utf8
[ sql ] [ SQL ] show tables like 'cyx_user' [ RunTime:0.000000s ]
[ sql ] [ SQL ] SELECT column_name FROM information_schema.`columns` 
            WHERE table_name = 'user' AND column_name = 'createtime' [ RunTime:0.010000s ]
[ sql ] [ SQL ] SHOW COLUMNS FROM `cyx_user` [ RunTime:0.010000s ]
[ sql ] [ SQL ] SELECT COUNT(*) AS tp_count FROM `cyx_user` WHERE  `is_delete` = 0  AND `usertype_id` <> 'member' LIMIT 1 [ RunTime:0.000000s ]
[ sql ] [ SQL ] SELECT `id` FROM `cyx_user` WHERE  `is_delete` = 0  AND `usertype_id` <> 'member' ORDER BY `id` DESC LIMIT 0,20 [ RunTime:0.000000s ]
[ sql ] [ SQL ] SELECT * FROM `cyx_user` WHERE  `id` = 1 LIMIT 1 [ RunTime:0.000000s ]
[ sql ] [ SQL ] SHOW COLUMNS FROM `cyx_role_user` [ RunTime:0.010000s ]
[ sql ] [ SQL ] SHOW COLUMNS FROM `cyx_role` [ RunTime:0.000000s ]
[ sql ] [ SQL ] SELECT `cyx_role`.*,pivot.role_id AS pivot__role_id,pivot.user_id AS pivot__user_id,pivot.status AS pivot__status FROM `cyx_role` INNER JOIN `cyx_role_user` `pivot` ON `pivot`.`role_id`=`cyx_role`.`id` WHERE  `pivot`.`status` > '0'  AND `pivot`.`user_id` = 1 [ RunTime:0.000000s ]
[ error ] [2048]call_user_func_array() expects parameter 1 to be a valid callback, non-static method app\admin\controller\User::_generatetabledatahtml() should not be called statically, assuming $this from compatible context app\admin\controller\User[D:\wamp\wwwroot\www\application\admin\controller\Publictable.php:76]
[ error ] [8]未定义数组下标: 0[D:\wamp\wwwroot\www\application\admin\controller\User.php:30]
[ error ] [8]未定义变量: theFirst[D:\wamp\wwwroot\www\application\common\Ajaxpage.php:145]
[ error ] [8]未定义变量: prePage[D:\wamp\wwwroot\www\application\common\Ajaxpage.php:145]
[ error ] [8]未定义变量: nextPage[D:\wamp\wwwroot\www\application\common\Ajaxpage.php:145]
[ error ] [8]未定义变量: theEnd[D:\wamp\wwwroot\www\application\common\Ajaxpage.php:145]
---------------------------------------------------------------
[ 2019-04-19T09:12:44+08:00 ] 127.0.0.1 GET localhost/index.php/admin/User/edit/id/1.html
[运行时间：0.156009s] [吞吐率：6.41req/s] [内存消耗：4,092.17kb] [文件加载：66]
[ info ] [ LANG ] D:\wamp\wwwroot\www\thinkphp\lang\zh-cn.php
[ info ] [ ROUTE ] array (
  'type' => 'module',
  'module' => 
  array (
    0 => 'admin',
    1 => 'User',
    2 => 'edit',
  ),
)
[ info ] [ HEADER ] array (
  'host' => 'localhost',
  'user-agent' => 'Mozilla/5.0 (Windows NT 6.1; WOW64; rv:66.0) Gecko/20100101 Firefox/66.0',
  'accept' => 'text/html,application/xhtml+xml,application/xml;q=0.9,*/*;q=0.8',
  'accept-language' => 'zh-CN,zh;q=0.8,zh-TW;q=0.7,zh-HK;q=0.5,en-US;q=0.3,en;q=0.2',
  'accept-encoding' => 'gzip, deflate',
  'referer' => 'http://localhost/index.php/admin/user/index',
  'connection' => 'keep-alive',
  'cookie' => 'pgv_pvi=7978113024; UM_distinctid=16a109a79f29-0a260ec99e7ea1-40574133-100200-16a109a79f3301; CNZZDATA1261418685=1378169946-1555056033-%7C1555062495; PHPSESSID=jqv1n26d69em8cl728kn00e1t2',
  'upgrade-insecure-requests' => '1',
)
[ info ] [ PARAM ] array (
  'id' => '1',
)
[ info ] [ SESSION ] INIT array (
  'id' => '',
  'var_session_id' => '',
  'prefix' => 'think',
  'type' => '',
  'auto_start' => true,
  'expire' => 0,
)
[ info ] [ RUN ] app\admin\controller\User->edit[ D:\wamp\wwwroot\www\application\admin\controller\User.php ]
[ info ] [ DB ] INIT mysql
[ info ] [ VIEW ] D:\wamp\wwwroot\www/application/admin\view\User\edit.html [ array (
  0 => 'sysset',
  1 => 'list',
  2 => 'rolelist',
) ]
[ info ] [ LOG ] INIT File
[ sql ] [ DB ] CONNECT:[ UseTime:0.002000s ] mysql:host=localhost;port=3306;dbname=cyx;charset=utf8
[ sql ] [ SQL ] SHOW COLUMNS FROM `cyx_user` [ RunTime:0.007000s ]
[ sql ] [ SQL ] SELECT * FROM `cyx_user` WHERE  `id` = 1 LIMIT 1 [ RunTime:0.001000s ]
[ sql ] [ SQL ] SHOW COLUMNS FROM `cyx_role` [ RunTime:0.006001s ]
[ sql ] [ SQL ] SELECT * FROM `cyx_role` WHERE  `status` = 1 [ RunTime:0.001000s ]
[ sql ] [ SQL ] SHOW COLUMNS FROM `cyx_role_user` [ RunTime:0.006000s ]
[ sql ] [ SQL ] SELECT `cyx_role`.*,pivot.role_id AS pivot__role_id,pivot.user_id AS pivot__user_id,pivot.status AS pivot__status FROM `cyx_role` INNER JOIN `cyx_role_user` `pivot` ON `pivot`.`role_id`=`cyx_role`.`id` WHERE  `pivot`.`status` > '0'  AND `pivot`.`user_id` = 1 [ RunTime:0.001000s ]
[ error ] [8]未定义数组下标: 0[D:\wamp\wwwroot\www\runtime\temp\f411e3e03be975aba2163804556b2f81.php:51]
---------------------------------------------------------------
[ 2019-04-19T09:12:47+08:00 ] 127.0.0.1 GET localhost/index.php/admin/user/index
[运行时间：0.133008s] [吞吐率：7.52req/s] [内存消耗：4,273.69kb] [文件加载：70]
[ info ] [ LANG ] D:\wamp\wwwroot\www\thinkphp\lang\zh-cn.php
[ info ] [ ROUTE ] array (
  'type' => 'module',
  'module' => 
  array (
    0 => 'admin',
    1 => 'user',
    2 => 'index',
  ),
)
[ info ] [ HEADER ] array (
  'host' => 'localhost',
  'user-agent' => 'Mozilla/5.0 (Windows NT 6.1; WOW64; rv:66.0) Gecko/20100101 Firefox/66.0',
  'accept' => 'text/html,application/xhtml+xml,application/xml;q=0.9,*/*;q=0.8',
  'accept-language' => 'zh-CN,zh;q=0.8,zh-TW;q=0.7,zh-HK;q=0.5,en-US;q=0.3,en;q=0.2',
  'accept-encoding' => 'gzip, deflate',
  'referer' => 'http://localhost/index.php/admin/User/edit/id/1.html',
  'connection' => 'keep-alive',
  'cookie' => 'pgv_pvi=7978113024; UM_distinctid=16a109a79f29-0a260ec99e7ea1-40574133-100200-16a109a79f3301; CNZZDATA1261418685=1378169946-1555056033-%7C1555062495; PHPSESSID=jqv1n26d69em8cl728kn00e1t2',
  'upgrade-insecure-requests' => '1',
)
[ info ] [ PARAM ] array (
)
[ info ] [ SESSION ] INIT array (
  'id' => '',
  'var_session_id' => '',
  'prefix' => 'think',
  'type' => '',
  'auto_start' => true,
  'expire' => 0,
)
[ info ] [ RUN ] app\admin\controller\User->index[ D:\wamp\wwwroot\www\application\admin\controller\User.php ]
[ info ] [ DB ] INIT mysql
[ info ] [ VIEW ] D:\wamp\wwwroot\www/application/admin\view\User\index.html [ array (
  0 => 'sysset',
  1 => 'datalist',
) ]
[ info ] [ LOG ] INIT File
[ sql ] [ DB ] CONNECT:[ UseTime:0.002000s ] mysql:host=localhost;port=3306;dbname=cyx;charset=utf8
[ sql ] [ SQL ] show tables like 'cyx_user' [ RunTime:0.002001s ]
[ sql ] [ SQL ] SELECT column_name FROM information_schema.`columns` 
            WHERE table_name = 'user' AND column_name = 'createtime' [ RunTime:0.007000s ]
[ sql ] [ SQL ] SHOW COLUMNS FROM `cyx_user` [ RunTime:0.006000s ]
[ sql ] [ SQL ] SELECT COUNT(*) AS tp_count FROM `cyx_user` WHERE  `is_delete` = 0  AND `usertype_id` <> 'member' LIMIT 1 [ RunTime:0.001000s ]
[ sql ] [ SQL ] SELECT `id` FROM `cyx_user` WHERE  `is_delete` = 0  AND `usertype_id` <> 'member' ORDER BY `id` DESC LIMIT 0,20 [ RunTime:0.001000s ]
[ sql ] [ SQL ] SELECT * FROM `cyx_user` WHERE  `id` = 4 LIMIT 1 [ RunTime:0.001000s ]
[ sql ] [ SQL ] SHOW COLUMNS FROM `cyx_role_user` [ RunTime:0.007000s ]
[ sql ] [ SQL ] SHOW COLUMNS FROM `cyx_role` [ RunTime:0.007001s ]
[ sql ] [ SQL ] SELECT `cyx_role`.*,pivot.role_id AS pivot__role_id,pivot.user_id AS pivot__user_id,pivot.status AS pivot__status FROM `cyx_role` INNER JOIN `cyx_role_user` `pivot` ON `pivot`.`role_id`=`cyx_role`.`id` WHERE  `pivot`.`status` > '0'  AND `pivot`.`user_id` = 4 [ RunTime:0.000000s ]
[ sql ] [ SQL ] SELECT * FROM `cyx_user` WHERE  `id` = 3 LIMIT 1 [ RunTime:0.000000s ]
[ sql ] [ SQL ] SELECT `cyx_role`.*,pivot.role_id AS pivot__role_id,pivot.user_id AS pivot__user_id,pivot.status AS pivot__status FROM `cyx_role` INNER JOIN `cyx_role_user` `pivot` ON `pivot`.`role_id`=`cyx_role`.`id` WHERE  `pivot`.`status` > '0'  AND `pivot`.`user_id` = 3 [ RunTime:0.001000s ]
[ sql ] [ SQL ] SELECT * FROM `cyx_user` WHERE  `id` = 1 LIMIT 1 [ RunTime:0.001000s ]
[ sql ] [ SQL ] SELECT `cyx_role`.*,pivot.role_id AS pivot__role_id,pivot.user_id AS pivot__user_id,pivot.status AS pivot__status FROM `cyx_role` INNER JOIN `cyx_role_user` `pivot` ON `pivot`.`role_id`=`cyx_role`.`id` WHERE  `pivot`.`status` > '0'  AND `pivot`.`user_id` = 1 [ RunTime:0.001000s ]
[ error ] [2048]call_user_func_array() expects parameter 1 to be a valid callback, non-static method app\admin\controller\User::_generatetabledatahtml() should not be called statically, assuming $this from compatible context app\admin\controller\User[D:\wamp\wwwroot\www\application\admin\controller\Publictable.php:76]
[ error ] [2048]call_user_func_array() expects parameter 1 to be a valid callback, non-static method app\admin\controller\User::_generatetabledatahtml() should not be called statically, assuming $this from compatible context app\admin\controller\User[D:\wamp\wwwroot\www\application\admin\controller\Publictable.php:76]
[ error ] [2048]call_user_func_array() expects parameter 1 to be a valid callback, non-static method app\admin\controller\User::_generatetabledatahtml() should not be called statically, assuming $this from compatible context app\admin\controller\User[D:\wamp\wwwroot\www\application\admin\controller\Publictable.php:76]
[ error ] [8]未定义数组下标: 0[D:\wamp\wwwroot\www\application\admin\controller\User.php:30]
[ error ] [8]未定义变量: theFirst[D:\wamp\wwwroot\www\application\common\Ajaxpage.php:145]
[ error ] [8]未定义变量: prePage[D:\wamp\wwwroot\www\application\common\Ajaxpage.php:145]
[ error ] [8]未定义变量: nextPage[D:\wamp\wwwroot\www\application\common\Ajaxpage.php:145]
[ error ] [8]未定义变量: theEnd[D:\wamp\wwwroot\www\application\common\Ajaxpage.php:145]
